{"/home/travis/build/npmtest/node-npmtest-css/test.js":{"path":"/home/travis/build/npmtest/node-npmtest-css/test.js","s":{"1":2,"2":2,"3":2,"4":2,"5":2,"6":2,"7":2,"8":1,"9":2,"10":2,"11":1,"12":1,"13":1,"14":1,"15":2,"16":2,"17":2,"18":2,"19":1,"20":1,"21":2,"22":2,"23":2,"24":1,"25":1,"26":1,"27":1,"28":1,"29":1,"30":1,"31":1,"32":1,"33":1,"34":1,"35":1,"36":1,"37":1,"38":1,"39":2,"40":2,"41":1,"42":2,"43":2,"44":1,"45":2,"46":2,"47":1,"48":2,"49":2,"50":1,"51":1,"52":1,"53":1,"54":1},"b":{"1":[2,1,1,1],"2":[1,1,1,1],"3":[1,1],"4":[1,1],"5":[1,1],"6":[1,1],"7":[1,1],"8":[1,1],"9":[1,1],"10":[1,1,1],"11":[1,1],"12":[1,1],"13":[1,1],"14":[1,1],"15":[1,1],"16":[1,1],"17":[1,1]},"f":{"1":2,"2":2,"3":2,"4":2,"5":2,"6":1,"7":1,"8":1,"9":2,"10":2,"11":2,"12":2,"13":1},"fnMap":{"1":{"name":"(anonymous_1)","line":12,"loc":{"start":{"line":12,"column":1},"end":{"line":12,"column":13}}},"2":{"name":"(anonymous_2)","line":19,"loc":{"start":{"line":19,"column":5},"end":{"line":19,"column":17}}},"3":{"name":"(anonymous_3)","line":23,"loc":{"start":{"line":23,"column":24},"end":{"line":23,"column":36}}},"4":{"name":"(anonymous_4)","line":61,"loc":{"start":{"line":61,"column":5},"end":{"line":61,"column":17}}},"5":{"name":"(anonymous_5)","line":82,"loc":{"start":{"line":82,"column":5},"end":{"line":82,"column":17}}},"6":{"name":"(anonymous_6)","line":91,"loc":{"start":{"line":91,"column":77},"end":{"line":94,"column":10}}},"7":{"name":"(anonymous_7)","line":112,"loc":{"start":{"line":112,"column":83},"end":{"line":115,"column":10}},"skip":true},"8":{"name":"(anonymous_8)","line":123,"loc":{"start":{"line":123,"column":77},"end":{"line":126,"column":10}},"skip":true},"9":{"name":"(anonymous_9)","line":139,"loc":{"start":{"line":139,"column":12},"end":{"line":139,"column":40}},"skip":true},"10":{"name":"(anonymous_10)","line":147,"loc":{"start":{"line":147,"column":77},"end":{"line":150,"column":10}},"skip":true},"11":{"name":"(anonymous_11)","line":158,"loc":{"start":{"line":158,"column":83},"end":{"line":161,"column":10}},"skip":true},"12":{"name":"(anonymous_12)","line":169,"loc":{"start":{"line":169,"column":79},"end":{"line":172,"column":10}},"skip":true},"13":{"name":"(anonymous_13)","line":180,"loc":{"start":{"line":180,"column":75},"end":{"line":183,"column":10}},"skip":true}},"statementMap":{"1":{"start":{"line":12,"column":0},"end":{"line":195,"column":5}},"2":{"start":{"line":14,"column":4},"end":{"line":14,"column":14}},"3":{"start":{"line":19,"column":4},"end":{"line":56,"column":9}},"4":{"start":{"line":21,"column":8},"end":{"line":21,"column":19}},"5":{"start":{"line":23,"column":8},"end":{"line":35,"column":13}},"6":{"start":{"line":24,"column":12},"end":{"line":34,"column":13}},"7":{"start":{"line":25,"column":16},"end":{"line":28,"column":30}},"8":{"start":{"line":30,"column":16},"end":{"line":33,"column":27}},"9":{"start":{"line":37,"column":8},"end":{"line":39,"column":21}},"10":{"start":{"line":40,"column":8},"end":{"line":53,"column":9}},"11":{"start":{"line":43,"column":12},"end":{"line":46,"column":14}},"12":{"start":{"line":47,"column":12},"end":{"line":47,"column":18}},"13":{"start":{"line":50,"column":12},"end":{"line":51,"column":46}},"14":{"start":{"line":52,"column":12},"end":{"line":52,"column":18}},"15":{"start":{"line":55,"column":8},"end":{"line":55,"column":35}},"16":{"start":{"line":61,"column":4},"end":{"line":63,"column":9}},"17":{"start":{"line":62,"column":8},"end":{"line":62,"column":15}},"18":{"start":{"line":64,"column":4},"end":{"line":77,"column":5}},"19":{"start":{"line":70,"column":8},"end":{"line":70,"column":14}},"20":{"start":{"line":76,"column":8},"end":{"line":76,"column":14}},"21":{"start":{"line":82,"column":4},"end":{"line":84,"column":9}},"22":{"start":{"line":83,"column":8},"end":{"line":83,"column":15}},"23":{"start":{"line":85,"column":4},"end":{"line":194,"column":5}},"24":{"start":{"line":91,"column":8},"end":{"line":99,"column":10}},"25":{"start":{"line":98,"column":12},"end":{"line":98,"column":35}},"26":{"start":{"line":102,"column":8},"end":{"line":104,"column":63}},"27":{"start":{"line":105,"column":8},"end":{"line":105,"column":14}},"28":{"start":{"line":112,"column":8},"end":{"line":121,"column":10},"skip":true},"29":{"start":{"line":119,"column":12},"end":{"line":119,"column":55},"skip":true},"30":{"start":{"line":120,"column":12},"end":{"line":120,"column":48},"skip":true},"31":{"start":{"line":123,"column":8},"end":{"line":136,"column":10},"skip":true},"32":{"start":{"line":130,"column":12},"end":{"line":130,"column":76},"skip":true},"33":{"start":{"line":131,"column":12},"end":{"line":131,"column":73},"skip":true},"34":{"start":{"line":132,"column":12},"end":{"line":132,"column":74},"skip":true},"35":{"start":{"line":133,"column":12},"end":{"line":133,"column":79},"skip":true},"36":{"start":{"line":134,"column":12},"end":{"line":134,"column":25},"skip":true},"37":{"start":{"line":135,"column":12},"end":{"line":135,"column":45},"skip":true},"38":{"start":{"line":138,"column":8},"end":{"line":145,"column":14},"skip":true},"39":{"start":{"line":143,"column":16},"end":{"line":143,"column":29},"skip":true},"40":{"start":{"line":144,"column":16},"end":{"line":144,"column":55},"skip":true},"41":{"start":{"line":147,"column":8},"end":{"line":156,"column":10},"skip":true},"42":{"start":{"line":154,"column":12},"end":{"line":154,"column":25},"skip":true},"43":{"start":{"line":155,"column":12},"end":{"line":155,"column":45},"skip":true},"44":{"start":{"line":158,"column":8},"end":{"line":167,"column":10},"skip":true},"45":{"start":{"line":165,"column":12},"end":{"line":165,"column":25},"skip":true},"46":{"start":{"line":166,"column":12},"end":{"line":166,"column":48},"skip":true},"47":{"start":{"line":169,"column":8},"end":{"line":178,"column":10},"skip":true},"48":{"start":{"line":176,"column":12},"end":{"line":176,"column":25},"skip":true},"49":{"start":{"line":177,"column":12},"end":{"line":177,"column":46},"skip":true},"50":{"start":{"line":180,"column":8},"end":{"line":189,"column":10},"skip":true},"51":{"start":{"line":187,"column":12},"end":{"line":187,"column":94},"skip":true},"52":{"start":{"line":188,"column":12},"end":{"line":188,"column":48},"skip":true},"53":{"start":{"line":192,"column":8},"end":{"line":192,"column":35},"skip":true},"54":{"start":{"line":193,"column":8},"end":{"line":193,"column":14},"skip":true}},"branchMap":{"1":{"line":25,"type":"binary-expr","locations":[{"start":{"line":25,"column":23},"end":{"line":25,"column":62}},{"start":{"line":26,"column":20},"end":{"line":26,"column":70}},{"start":{"line":27,"column":20},"end":{"line":27,"column":71}},{"start":{"line":28,"column":20},"end":{"line":28,"column":29}}]},"2":{"line":30,"type":"binary-expr","locations":[{"start":{"line":30,"column":23},"end":{"line":30,"column":37}},{"start":{"line":31,"column":20},"end":{"line":31,"column":61}},{"start":{"line":32,"column":20},"end":{"line":32,"column":70}},{"start":{"line":33,"column":20},"end":{"line":33,"column":26}}]},"3":{"line":37,"type":"cond-expr","locations":[{"start":{"line":38,"column":14},"end":{"line":38,"column":20}},{"start":{"line":39,"column":14},"end":{"line":39,"column":20}}]},"4":{"line":40,"type":"switch","locations":[{"start":{"line":42,"column":8},"end":{"line":47,"column":18}},{"start":{"line":49,"column":8},"end":{"line":52,"column":18}}]},"5":{"line":44,"type":"binary-expr","locations":[{"start":{"line":44,"column":16},"end":{"line":44,"column":44}},{"start":{"line":44,"column":48},"end":{"line":44,"column":66}}]},"6":{"line":50,"type":"binary-expr","locations":[{"start":{"line":50,"column":21},"end":{"line":50,"column":49}},{"start":{"line":50,"column":53},"end":{"line":50,"column":72}}]},"7":{"line":64,"type":"switch","locations":[{"start":{"line":69,"column":4},"end":{"line":70,"column":14}},{"start":{"line":75,"column":4},"end":{"line":76,"column":14}}]},"8":{"line":85,"type":"switch","locations":[{"start":{"line":90,"column":4},"end":{"line":105,"column":14}},{"start":{"line":111,"column":4},"end":{"line":193,"column":14},"skip":true}]},"9":{"line":91,"type":"binary-expr","locations":[{"start":{"line":91,"column":42},"end":{"line":91,"column":73}},{"start":{"line":91,"column":77},"end":{"line":99,"column":9}}]},"10":{"line":102,"type":"binary-expr","locations":[{"start":{"line":102,"column":18},"end":{"line":102,"column":32}},{"start":{"line":103,"column":12},"end":{"line":103,"column":53}},{"start":{"line":104,"column":12},"end":{"line":104,"column":61}}]},"11":{"line":112,"type":"binary-expr","locations":[{"start":{"line":112,"column":45},"end":{"line":112,"column":79},"skip":true},{"start":{"line":112,"column":83},"end":{"line":121,"column":9},"skip":true}]},"12":{"line":123,"type":"binary-expr","locations":[{"start":{"line":123,"column":42},"end":{"line":123,"column":73},"skip":true},{"start":{"line":123,"column":77},"end":{"line":136,"column":9},"skip":true}]},"13":{"line":138,"type":"binary-expr","locations":[{"start":{"line":138,"column":48},"end":{"line":138,"column":85},"skip":true},{"start":{"line":139,"column":12},"end":{"line":145,"column":13},"skip":true}]},"14":{"line":147,"type":"binary-expr","locations":[{"start":{"line":147,"column":42},"end":{"line":147,"column":73},"skip":true},{"start":{"line":147,"column":77},"end":{"line":156,"column":9},"skip":true}]},"15":{"line":158,"type":"binary-expr","locations":[{"start":{"line":158,"column":45},"end":{"line":158,"column":79},"skip":true},{"start":{"line":158,"column":83},"end":{"line":167,"column":9},"skip":true}]},"16":{"line":169,"type":"binary-expr","locations":[{"start":{"line":169,"column":43},"end":{"line":169,"column":75},"skip":true},{"start":{"line":169,"column":79},"end":{"line":178,"column":9},"skip":true}]},"17":{"line":180,"type":"binary-expr","locations":[{"start":{"line":180,"column":41},"end":{"line":180,"column":71},"skip":true},{"start":{"line":180,"column":75},"end":{"line":189,"column":9},"skip":true}]}},"code":["/* istanbul instrument in package npmtest_css */","/*jslint","    bitwise: true,","    browser: true,","    maxerr: 8,","    maxlen: 96,","    node: true,","    nomen: true,","    regexp: true,","    stupid: true","*/","(function () {","    'use strict';","    var local;","","","","    // run shared js-env code - pre-init","    (function () {","        // init local","        local = {};","        // init modeJs","        local.modeJs = (function () {","            try {","                return typeof navigator.userAgent === 'string' &&","                    typeof document.querySelector('body') === 'object' &&","                    typeof XMLHttpRequest.prototype.open === 'function' &&","                    'browser';","            } catch (errorCaughtBrowser) {","                return module.exports &&","                    typeof process.versions.node === 'string' &&","                    typeof require('http').createServer === 'function' &&","                    'node';","            }","        }());","        // init global","        local.global = local.modeJs === 'browser'","            ? window","            : global;","        switch (local.modeJs) {","        // re-init local from window.local","        case 'browser':","            local = local.global.utility2.objectSetDefault(","                local.global.utility2_rollup || local.global.local,","                local.global.utility2","            );","            break;","        // re-init local from example.js","        case 'node':","            local = (local.global.utility2_rollup || require('utility2'))","                .requireExampleJsFromReadme();","            break;","        }","        // export local","        local.global.local = local;","    }());","","","","    // run shared js-env code - function","    (function () {","        return;","    }());","    switch (local.modeJs) {","","","","    // run browser js-env code - function","    case 'browser':","        break;","","","","    // run node js-env code - function","    case 'node':","        break;","    }","","","","    // run shared js-env code - post-init","    (function () {","        return;","    }());","    switch (local.modeJs) {","","","","    // run browser js-env code - post-init","    case 'browser':","        local.testCase_browser_nullCase = local.testCase_browser_nullCase || function (","            options,","            onError","        ) {","        /*","         * this function will test browsers's null-case handling-behavior-behavior","         */","            onError(null, options);","        };","","        // run tests","        local.nop(local.modeTest &&","            document.querySelector('#testRunButton1') &&","            document.querySelector('#testRunButton1').click());","        break;","","","","    // run node js-env code - post-init","    /* istanbul ignore next */","    case 'node':","        local.testCase_buildApidoc_default = local.testCase_buildApidoc_default || function (","            options,","            onError","        ) {","        /*","         * this function will test buildApidoc's default handling-behavior-behavior","         */","            options = { modulePathList: module.paths };","            local.buildApidoc(options, onError);","        };","","        local.testCase_buildApp_default = local.testCase_buildApp_default || function (","            options,","            onError","        ) {","        /*","         * this function will test buildApp's default handling-behavior-behavior","         */","            local.testCase_buildReadme_default(options, local.onErrorThrow);","            local.testCase_buildLib_default(options, local.onErrorThrow);","            local.testCase_buildTest_default(options, local.onErrorThrow);","            local.testCase_buildCustomOrg_default(options, local.onErrorThrow);","            options = [];","            local.buildApp(options, onError);","        };","","        local.testCase_buildCustomOrg_default = local.testCase_buildCustomOrg_default ||","            function (options, onError) {","            /*","             * this function will test buildCustomOrg's default handling-behavior","             */","                options = {};","                local.buildCustomOrg(options, onError);","            };","","        local.testCase_buildLib_default = local.testCase_buildLib_default || function (","            options,","            onError","        ) {","        /*","         * this function will test buildLib's default handling-behavior","         */","            options = {};","            local.buildLib(options, onError);","        };","","        local.testCase_buildReadme_default = local.testCase_buildReadme_default || function (","            options,","            onError","        ) {","        /*","         * this function will test buildReadme's default handling-behavior-behavior","         */","            options = {};","            local.buildReadme(options, onError);","        };","","        local.testCase_buildTest_default = local.testCase_buildTest_default || function (","            options,","            onError","        ) {","        /*","         * this function will test buildTest's default handling-behavior","         */","            options = {};","            local.buildTest(options, onError);","        };","","        local.testCase_webpage_default = local.testCase_webpage_default || function (","            options,","            onError","        ) {","        /*","         * this function will test webpage's default handling-behavior","         */","            options = { modeCoverageMerge: true, url: local.serverLocalHost + '?modeTest=1' };","            local.browserTest(options, onError);","        };","","        // run test-server","        local.testRunServer(local);","        break;","    }","}());",""],"l":{"12":2,"14":2,"19":2,"21":2,"23":2,"24":2,"25":2,"30":1,"37":2,"40":2,"43":1,"47":1,"50":1,"52":1,"55":2,"61":2,"62":2,"64":2,"70":1,"76":1,"82":2,"83":2,"85":2,"91":1,"98":1,"102":1,"105":1,"112":1,"119":1,"120":1,"123":1,"130":1,"131":1,"132":1,"133":1,"134":1,"135":1,"138":1,"143":2,"144":2,"147":1,"154":2,"155":2,"158":1,"165":2,"166":2,"169":1,"176":2,"177":2,"180":1,"187":1,"188":1,"192":1,"193":1}},"/home/travis/build/npmtest/node-npmtest-css/lib.npmtest_css.js":{"path":"/home/travis/build/npmtest/node-npmtest-css/lib.npmtest_css.js","s":{"1":2,"2":2,"3":2,"4":2,"5":2,"6":2,"7":2,"8":1,"9":2,"10":2,"11":2,"12":2,"13":1,"14":1,"15":1,"16":1},"b":{"1":[2,1,1,1],"2":[1,1,1,1],"3":[1,1],"4":[2,2],"5":[1,1]},"f":{"1":2,"2":2,"3":2},"fnMap":{"1":{"name":"(anonymous_1)","line":12,"loc":{"start":{"line":12,"column":1},"end":{"line":12,"column":13}}},"2":{"name":"(anonymous_2)","line":19,"loc":{"start":{"line":19,"column":5},"end":{"line":19,"column":17}}},"3":{"name":"(anonymous_3)","line":23,"loc":{"start":{"line":23,"column":24},"end":{"line":23,"column":36}}}},"statementMap":{"1":{"start":{"line":12,"column":0},"end":{"line":53,"column":5}},"2":{"start":{"line":14,"column":4},"end":{"line":14,"column":14}},"3":{"start":{"line":19,"column":4},"end":{"line":52,"column":9}},"4":{"start":{"line":21,"column":8},"end":{"line":21,"column":19}},"5":{"start":{"line":23,"column":8},"end":{"line":35,"column":13}},"6":{"start":{"line":24,"column":12},"end":{"line":34,"column":13}},"7":{"start":{"line":25,"column":16},"end":{"line":28,"column":30}},"8":{"start":{"line":30,"column":16},"end":{"line":33,"column":27}},"9":{"start":{"line":37,"column":8},"end":{"line":39,"column":21}},"10":{"start":{"line":41,"column":8},"end":{"line":41,"column":54}},"11":{"start":{"line":43,"column":8},"end":{"line":43,"column":48}},"12":{"start":{"line":45,"column":8},"end":{"line":51,"column":9}},"13":{"start":{"line":46,"column":12},"end":{"line":46,"column":54}},"14":{"start":{"line":48,"column":12},"end":{"line":48,"column":35}},"15":{"start":{"line":49,"column":12},"end":{"line":49,"column":49}},"16":{"start":{"line":50,"column":12},"end":{"line":50,"column":43}}},"branchMap":{"1":{"line":25,"type":"binary-expr","locations":[{"start":{"line":25,"column":23},"end":{"line":25,"column":62}},{"start":{"line":26,"column":20},"end":{"line":26,"column":70}},{"start":{"line":27,"column":20},"end":{"line":27,"column":71}},{"start":{"line":28,"column":20},"end":{"line":28,"column":29}}]},"2":{"line":30,"type":"binary-expr","locations":[{"start":{"line":30,"column":23},"end":{"line":30,"column":37}},{"start":{"line":31,"column":20},"end":{"line":31,"column":61}},{"start":{"line":32,"column":20},"end":{"line":32,"column":70}},{"start":{"line":33,"column":20},"end":{"line":33,"column":26}}]},"3":{"line":37,"type":"cond-expr","locations":[{"start":{"line":38,"column":14},"end":{"line":38,"column":20}},{"start":{"line":39,"column":14},"end":{"line":39,"column":20}}]},"4":{"line":41,"type":"binary-expr","locations":[{"start":{"line":41,"column":16},"end":{"line":41,"column":44}},{"start":{"line":41,"column":48},"end":{"line":41,"column":53}}]},"5":{"line":45,"type":"if","locations":[{"start":{"line":45,"column":8},"end":{"line":45,"column":8}},{"start":{"line":45,"column":8},"end":{"line":45,"column":8}}]}},"code":["/* istanbul instrument in package npmtest_css */","/*jslint","    bitwise: true,","    browser: true,","    maxerr: 8,","    maxlen: 96,","    node: true,","    nomen: true,","    regexp: true,","    stupid: true","*/","(function () {","    'use strict';","    var local;","","","","    // run shared js-env code - pre-init","    (function () {","        // init local","        local = {};","        // init modeJs","        local.modeJs = (function () {","            try {","                return typeof navigator.userAgent === 'string' &&","                    typeof document.querySelector('body') === 'object' &&","                    typeof XMLHttpRequest.prototype.open === 'function' &&","                    'browser';","            } catch (errorCaughtBrowser) {","                return module.exports &&","                    typeof process.versions.node === 'string' &&","                    typeof require('http').createServer === 'function' &&","                    'node';","            }","        }());","        // init global","        local.global = local.modeJs === 'browser'","            ? window","            : global;","        // init utility2_rollup","        local = local.global.utility2_rollup || local;","        // init lib","        local.local = local.npmtest_css = local;","        // init exports","        if (local.modeJs === 'browser') {","            local.global.utility2_npmtest_css = local;","        } else {","            module.exports = local;","            module.exports.__dirname = __dirname;","            module.exports.module = module;","        }","    }());","}());",""],"l":{"12":2,"14":2,"19":2,"21":2,"23":2,"24":2,"25":2,"30":1,"37":2,"41":2,"43":2,"45":2,"46":1,"48":1,"49":1,"50":1}},"/home/travis/build/npmtest/node-npmtest-css/example.js":{"path":"/home/travis/build/npmtest/node-npmtest-css/example.js","s":{"1":2,"2":2,"3":2,"4":2,"5":2,"6":2,"7":2,"8":1,"9":2,"10":2,"11":2,"12":2,"13":1,"14":2,"15":2,"16":2,"17":2,"18":2,"19":0,"20":2,"21":1,"22":1,"23":1,"24":1,"25":1,"26":0,"27":0,"28":1,"29":1,"30":2,"31":0,"32":0,"33":0,"34":1,"35":2,"36":2,"37":3,"38":3,"39":3,"40":3,"41":0,"42":3,"43":3,"44":3,"45":1,"46":3,"47":1,"48":1,"49":1,"50":1,"51":1,"52":1,"53":1,"54":1,"55":1,"56":1,"57":0,"58":1,"59":6,"60":6,"61":1,"62":2,"63":0,"64":2,"65":1,"66":1,"67":0,"68":0,"69":0,"70":0,"71":0,"72":0,"73":0,"74":0,"75":0,"76":0,"77":0,"78":0,"79":0,"80":0,"81":0,"82":0,"83":0},"b":{"1":[2,1,1,1],"2":[1,1,1,1],"3":[1,1],"4":[2,2],"5":[1,1],"6":[1,1],"7":[2,0],"8":[2,1,1,1,1,1],"9":[0,2,0],"10":[1,1],"11":[2,1,1],"12":[1,0],"13":[0,2],"14":[2,0,0,0,0,0,0],"15":[0,3],"16":[3,0],"17":[1,1],"18":[0,1],"19":[1,2,0,2],"20":[1,0],"21":[1,1],"22":[0,0],"23":[0,0],"24":[0,0],"25":[0,0],"26":[0,0],"27":[0,0],"28":[0,0]},"f":{"1":2,"2":2,"3":2,"4":2,"5":2,"6":2,"7":3,"8":3,"9":3,"10":1,"11":6,"12":0},"fnMap":{"1":{"name":"(anonymous_1)","line":26,"loc":{"start":{"line":26,"column":1},"end":{"line":26,"column":13}}},"2":{"name":"(anonymous_2)","line":33,"loc":{"start":{"line":33,"column":5},"end":{"line":33,"column":17}}},"3":{"name":"(anonymous_3)","line":37,"loc":{"start":{"line":37,"column":24},"end":{"line":37,"column":36}}},"4":{"name":"(anonymous_4)","line":69,"loc":{"start":{"line":69,"column":31},"end":{"line":69,"column":48}},"skip":true},"5":{"name":"(anonymous_5)","line":78,"loc":{"start":{"line":78,"column":26},"end":{"line":78,"column":45}},"skip":true},"6":{"name":"(anonymous_6)","line":123,"loc":{"start":{"line":123,"column":33},"end":{"line":123,"column":48}},"skip":true},"7":{"name":"(anonymous_7)","line":125,"loc":{"start":{"line":125,"column":27},"end":{"line":125,"column":39}},"skip":true},"8":{"name":"(anonymous_8)","line":133,"loc":{"start":{"line":133,"column":59},"end":{"line":133,"column":74}},"skip":true},"9":{"name":"(anonymous_9)","line":143,"loc":{"start":{"line":143,"column":45},"end":{"line":143,"column":62}},"skip":true},"10":{"name":"(anonymous_10)","line":144,"loc":{"start":{"line":144,"column":73},"end":{"line":144,"column":92}},"skip":true},"11":{"name":"(anonymous_11)","line":272,"loc":{"start":{"line":272,"column":51},"end":{"line":272,"column":77}},"skip":true},"12":{"name":"(anonymous_12)","line":315,"loc":{"start":{"line":315,"column":32},"end":{"line":315,"column":61}},"skip":true}},"statementMap":{"1":{"start":{"line":26,"column":0},"end":{"line":326,"column":5}},"2":{"start":{"line":28,"column":4},"end":{"line":28,"column":14}},"3":{"start":{"line":33,"column":4},"end":{"line":60,"column":9}},"4":{"start":{"line":35,"column":8},"end":{"line":35,"column":19}},"5":{"start":{"line":37,"column":8},"end":{"line":49,"column":13}},"6":{"start":{"line":38,"column":12},"end":{"line":48,"column":13}},"7":{"start":{"line":39,"column":16},"end":{"line":42,"column":30}},"8":{"start":{"line":44,"column":16},"end":{"line":47,"column":27}},"9":{"start":{"line":51,"column":8},"end":{"line":53,"column":21}},"10":{"start":{"line":55,"column":8},"end":{"line":57,"column":45}},"11":{"start":{"line":59,"column":8},"end":{"line":59,"column":35}},"12":{"start":{"line":61,"column":4},"end":{"line":325,"column":5}},"13":{"start":{"line":69,"column":8},"end":{"line":121,"column":10},"skip":true},"14":{"start":{"line":70,"column":12},"end":{"line":88,"column":13},"skip":true},"15":{"start":{"line":76,"column":16},"end":{"line":87,"column":19},"skip":true},"16":{"start":{"line":79,"column":20},"end":{"line":86,"column":21},"skip":true},"17":{"start":{"line":82,"column":24},"end":{"line":82,"column":43},"skip":true},"18":{"start":{"line":83,"column":24},"end":{"line":83,"column":30},"skip":true},"19":{"start":{"line":85,"column":24},"end":{"line":85,"column":49},"skip":true},"20":{"start":{"line":89,"column":12},"end":{"line":107,"column":13},"skip":true},"21":{"start":{"line":92,"column":16},"end":{"line":102,"column":17},"skip":true},"22":{"start":{"line":93,"column":20},"end":{"line":93,"column":86},"skip":true},"23":{"start":{"line":94,"column":20},"end":{"line":95,"column":45},"skip":true},"24":{"start":{"line":96,"column":20},"end":{"line":96,"column":42},"skip":true},"25":{"start":{"line":97,"column":20},"end":{"line":97,"column":48},"skip":true},"26":{"start":{"line":100,"column":20},"end":{"line":100,"column":85},"skip":true},"27":{"start":{"line":101,"column":20},"end":{"line":101,"column":96},"skip":true},"28":{"start":{"line":103,"column":16},"end":{"line":103,"column":22},"skip":true},"29":{"start":{"line":106,"column":16},"end":{"line":106,"column":22},"skip":true},"30":{"start":{"line":108,"column":12},"end":{"line":120,"column":13},"skip":true},"31":{"start":{"line":114,"column":16},"end":{"line":119,"column":17},"skip":true},"32":{"start":{"line":116,"column":20},"end":{"line":116,"column":78},"skip":true},"33":{"start":{"line":118,"column":20},"end":{"line":118,"column":47},"skip":true},"34":{"start":{"line":123,"column":8},"end":{"line":141,"column":11},"skip":true},"35":{"start":{"line":124,"column":12},"end":{"line":124,"column":54},"skip":true},"36":{"start":{"line":125,"column":12},"end":{"line":140,"column":14},"skip":true},"37":{"start":{"line":126,"column":16},"end":{"line":126,"column":28},"skip":true},"38":{"start":{"line":127,"column":16},"end":{"line":127,"column":69},"skip":true},"39":{"start":{"line":128,"column":16},"end":{"line":128,"column":75},"skip":true},"40":{"start":{"line":129,"column":16},"end":{"line":131,"column":17},"skip":true},"41":{"start":{"line":130,"column":20},"end":{"line":130,"column":27},"skip":true},"42":{"start":{"line":133,"column":16},"end":{"line":137,"column":36},"skip":true},"43":{"start":{"line":134,"column":20},"end":{"line":136,"column":55},"skip":true},"44":{"start":{"line":139,"column":16},"end":{"line":139,"column":57},"skip":true},"45":{"start":{"line":143,"column":8},"end":{"line":147,"column":11},"skip":true},"46":{"start":{"line":144,"column":12},"end":{"line":146,"column":15},"skip":true},"47":{"start":{"line":145,"column":16},"end":{"line":145,"column":70},"skip":true},"48":{"start":{"line":149,"column":8},"end":{"line":149,"column":31},"skip":true},"49":{"start":{"line":150,"column":8},"end":{"line":150,"column":14},"skip":true},"50":{"start":{"line":158,"column":8},"end":{"line":158,"column":31},"skip":true},"51":{"start":{"line":160,"column":8},"end":{"line":160,"column":33},"skip":true},"52":{"start":{"line":161,"column":8},"end":{"line":161,"column":37},"skip":true},"53":{"start":{"line":162,"column":8},"end":{"line":162,"column":35},"skip":true},"54":{"start":{"line":164,"column":8},"end":{"line":164,"column":50},"skip":true},"55":{"start":{"line":166,"column":8},"end":{"line":256,"column":2},"skip":true},"56":{"start":{"line":258,"column":8},"end":{"line":286,"column":9},"skip":true},"57":{"start":{"line":259,"column":12},"end":{"line":269,"column":14},"skip":true},"58":{"start":{"line":271,"column":12},"end":{"line":285,"column":19},"skip":true},"59":{"start":{"line":274,"column":20},"end":{"line":274,"column":35},"skip":true},"60":{"start":{"line":275,"column":20},"end":{"line":284,"column":21},"skip":true},"61":{"start":{"line":277,"column":24},"end":{"line":277,"column":64},"skip":true},"62":{"start":{"line":279,"column":24},"end":{"line":279,"column":40},"skip":true},"63":{"start":{"line":281,"column":24},"end":{"line":281,"column":40},"skip":true},"64":{"start":{"line":283,"column":24},"end":{"line":283,"column":39},"skip":true},"65":{"start":{"line":288,"column":8},"end":{"line":290,"column":9},"skip":true},"66":{"start":{"line":289,"column":12},"end":{"line":289,"column":18},"skip":true},"67":{"start":{"line":291,"column":8},"end":{"line":293,"column":54},"skip":true},"68":{"start":{"line":296,"column":8},"end":{"line":301,"column":37},"skip":true},"69":{"start":{"line":303,"column":8},"end":{"line":303,"column":82},"skip":true},"70":{"start":{"line":306,"column":8},"end":{"line":308,"column":9},"skip":true},"71":{"start":{"line":307,"column":12},"end":{"line":307,"column":82},"skip":true},"72":{"start":{"line":310,"column":8},"end":{"line":312,"column":9},"skip":true},"73":{"start":{"line":311,"column":12},"end":{"line":311,"column":18},"skip":true},"74":{"start":{"line":313,"column":8},"end":{"line":313,"column":54},"skip":true},"75":{"start":{"line":314,"column":8},"end":{"line":314,"column":69},"skip":true},"76":{"start":{"line":315,"column":8},"end":{"line":323,"column":36},"skip":true},"77":{"start":{"line":316,"column":12},"end":{"line":316,"column":61},"skip":true},"78":{"start":{"line":317,"column":12},"end":{"line":320,"column":13},"skip":true},"79":{"start":{"line":318,"column":16},"end":{"line":318,"column":75},"skip":true},"80":{"start":{"line":319,"column":16},"end":{"line":319,"column":23},"skip":true},"81":{"start":{"line":321,"column":12},"end":{"line":321,"column":38},"skip":true},"82":{"start":{"line":322,"column":12},"end":{"line":322,"column":27},"skip":true},"83":{"start":{"line":324,"column":8},"end":{"line":324,"column":14},"skip":true}},"branchMap":{"1":{"line":39,"type":"binary-expr","locations":[{"start":{"line":39,"column":23},"end":{"line":39,"column":62}},{"start":{"line":40,"column":20},"end":{"line":40,"column":70}},{"start":{"line":41,"column":20},"end":{"line":41,"column":71}},{"start":{"line":42,"column":20},"end":{"line":42,"column":29}}]},"2":{"line":44,"type":"binary-expr","locations":[{"start":{"line":44,"column":23},"end":{"line":44,"column":37}},{"start":{"line":45,"column":20},"end":{"line":45,"column":61}},{"start":{"line":46,"column":20},"end":{"line":46,"column":70}},{"start":{"line":47,"column":20},"end":{"line":47,"column":26}}]},"3":{"line":51,"type":"cond-expr","locations":[{"start":{"line":52,"column":14},"end":{"line":52,"column":20}},{"start":{"line":53,"column":14},"end":{"line":53,"column":20}}]},"4":{"line":55,"type":"binary-expr","locations":[{"start":{"line":55,"column":16},"end":{"line":55,"column":44}},{"start":{"line":55,"column":49},"end":{"line":57,"column":43}}]},"5":{"line":55,"type":"cond-expr","locations":[{"start":{"line":56,"column":14},"end":{"line":56,"column":47}},{"start":{"line":57,"column":14},"end":{"line":57,"column":43}}]},"6":{"line":61,"type":"switch","locations":[{"start":{"line":68,"column":4},"end":{"line":150,"column":14},"skip":true},{"start":{"line":156,"column":4},"end":{"line":324,"column":14},"skip":true}]},"7":{"line":70,"type":"if","locations":[{"start":{"line":70,"column":12},"end":{"line":70,"column":12},"skip":true},{"start":{"line":70,"column":12},"end":{"line":70,"column":12},"skip":true}]},"8":{"line":70,"type":"binary-expr","locations":[{"start":{"line":70,"column":16},"end":{"line":70,"column":22},"skip":true},{"start":{"line":70,"column":27},"end":{"line":70,"column":32},"skip":true},{"start":{"line":71,"column":20},"end":{"line":71,"column":39},"skip":true},{"start":{"line":72,"column":20},"end":{"line":72,"column":49},"skip":true},{"start":{"line":73,"column":20},"end":{"line":73,"column":58},"skip":true},{"start":{"line":74,"column":20},"end":{"line":74,"column":69},"skip":true}]},"9":{"line":79,"type":"switch","locations":[{"start":{"line":80,"column":20},"end":{"line":80,"column":33},"skip":true},{"start":{"line":81,"column":20},"end":{"line":83,"column":30},"skip":true},{"start":{"line":84,"column":20},"end":{"line":85,"column":49},"skip":true}]},"10":{"line":89,"type":"switch","locations":[{"start":{"line":90,"column":12},"end":{"line":103,"column":22},"skip":true},{"start":{"line":105,"column":12},"end":{"line":106,"column":22},"skip":true}]},"11":{"line":89,"type":"binary-expr","locations":[{"start":{"line":89,"column":20},"end":{"line":89,"column":25},"skip":true},{"start":{"line":89,"column":29},"end":{"line":89,"column":48},"skip":true},{"start":{"line":89,"column":52},"end":{"line":89,"column":74},"skip":true}]},"12":{"line":92,"type":"if","locations":[{"start":{"line":92,"column":16},"end":{"line":92,"column":16},"skip":true},{"start":{"line":92,"column":16},"end":{"line":92,"column":16},"skip":true}]},"13":{"line":108,"type":"if","locations":[{"start":{"line":108,"column":12},"end":{"line":108,"column":12},"skip":true},{"start":{"line":108,"column":12},"end":{"line":108,"column":12},"skip":true}]},"14":{"line":108,"type":"binary-expr","locations":[{"start":{"line":108,"column":16},"end":{"line":108,"column":61},"skip":true},{"start":{"line":108,"column":66},"end":{"line":108,"column":72},"skip":true},{"start":{"line":108,"column":77},"end":{"line":108,"column":82},"skip":true},{"start":{"line":109,"column":20},"end":{"line":109,"column":39},"skip":true},{"start":{"line":110,"column":20},"end":{"line":110,"column":49},"skip":true},{"start":{"line":111,"column":20},"end":{"line":111,"column":58},"skip":true},{"start":{"line":112,"column":20},"end":{"line":112,"column":68},"skip":true}]},"15":{"line":129,"type":"if","locations":[{"start":{"line":129,"column":16},"end":{"line":129,"column":16},"skip":true},{"start":{"line":129,"column":16},"end":{"line":129,"column":16},"skip":true}]},"16":{"line":134,"type":"cond-expr","locations":[{"start":{"line":135,"column":26},"end":{"line":135,"column":29},"skip":true},{"start":{"line":136,"column":26},"end":{"line":136,"column":54},"skip":true}]},"17":{"line":164,"type":"binary-expr","locations":[{"start":{"line":164,"column":27},"end":{"line":164,"column":43},"skip":true},{"start":{"line":164,"column":47},"end":{"line":164,"column":49},"skip":true}]},"18":{"line":258,"type":"if","locations":[{"start":{"line":258,"column":8},"end":{"line":258,"column":8},"skip":true},{"start":{"line":258,"column":8},"end":{"line":258,"column":8},"skip":true}]},"19":{"line":275,"type":"switch","locations":[{"start":{"line":276,"column":20},"end":{"line":277,"column":64},"skip":true},{"start":{"line":278,"column":20},"end":{"line":279,"column":40},"skip":true},{"start":{"line":280,"column":20},"end":{"line":281,"column":40},"skip":true},{"start":{"line":282,"column":20},"end":{"line":283,"column":39},"skip":true}]},"20":{"line":288,"type":"if","locations":[{"start":{"line":288,"column":8},"end":{"line":288,"column":8},"skip":true},{"start":{"line":288,"column":8},"end":{"line":288,"column":8},"skip":true}]},"21":{"line":288,"type":"binary-expr","locations":[{"start":{"line":288,"column":12},"end":{"line":288,"column":40},"skip":true},{"start":{"line":288,"column":44},"end":{"line":288,"column":67},"skip":true}]},"22":{"line":292,"type":"binary-expr","locations":[{"start":{"line":292,"column":12},"end":{"line":292,"column":50},"skip":true},{"start":{"line":293,"column":12},"end":{"line":293,"column":53},"skip":true}]},"23":{"line":297,"type":"binary-expr","locations":[{"start":{"line":297,"column":12},"end":{"line":297,"column":61},"skip":true},{"start":{"line":298,"column":12},"end":{"line":301,"column":36},"skip":true}]},"24":{"line":303,"type":"binary-expr","locations":[{"start":{"line":303,"column":43},"end":{"line":303,"column":75},"skip":true},{"start":{"line":303,"column":79},"end":{"line":303,"column":81},"skip":true}]},"25":{"line":306,"type":"if","locations":[{"start":{"line":306,"column":8},"end":{"line":306,"column":8},"skip":true},{"start":{"line":306,"column":8},"end":{"line":306,"column":8},"skip":true}]},"26":{"line":310,"type":"if","locations":[{"start":{"line":310,"column":8},"end":{"line":310,"column":8},"skip":true},{"start":{"line":310,"column":8},"end":{"line":310,"column":8},"skip":true}]},"27":{"line":313,"type":"binary-expr","locations":[{"start":{"line":313,"column":27},"end":{"line":313,"column":43},"skip":true},{"start":{"line":313,"column":47},"end":{"line":313,"column":53},"skip":true}]},"28":{"line":317,"type":"if","locations":[{"start":{"line":317,"column":12},"end":{"line":317,"column":12},"skip":true},{"start":{"line":317,"column":12},"end":{"line":317,"column":12},"skip":true}]}},"code":["/*","example.js","","quickstart example","","instruction","    1. save this script as example.js","    2. run the shell command:","        $ npm install npmtest-css && PORT=8081 node example.js","    3. play with the browser-demo on http://127.0.0.1:8081","*/","","","","/* istanbul instrument in package npmtest_css */","/*jslint","    bitwise: true,","    browser: true,","    maxerr: 8,","    maxlen: 96,","    node: true,","    nomen: true,","    regexp: true,","    stupid: true","*/","(function () {","    'use strict';","    var local;","","","","    // run shared js-env code - pre-init","    (function () {","        // init local","        local = {};","        // init modeJs","        local.modeJs = (function () {","            try {","                return typeof navigator.userAgent === 'string' &&","                    typeof document.querySelector('body') === 'object' &&","                    typeof XMLHttpRequest.prototype.open === 'function' &&","                    'browser';","            } catch (errorCaughtBrowser) {","                return module.exports &&","                    typeof process.versions.node === 'string' &&","                    typeof require('http').createServer === 'function' &&","                    'node';","            }","        }());","        // init global","        local.global = local.modeJs === 'browser'","            ? window","            : global;","        // init utility2_rollup","        local = local.global.utility2_rollup || (local.modeJs === 'browser'","            ? local.global.utility2_npmtest_css","            : global.utility2_moduleExports);","        // export local","        local.global.local = local;","    }());","    switch (local.modeJs) {","","","","    // post-init","    // run browser js-env code - post-init","    /* istanbul ignore next */","    case 'browser':","        local.testRunBrowser = function (event) {","            if (!event || (event &&","                    event.currentTarget &&","                    event.currentTarget.className &&","                    event.currentTarget.className.includes &&","                    event.currentTarget.className.includes('onreset'))) {","                // reset output","                Array.from(","                    document.querySelectorAll('body > .resettable')","                ).forEach(function (element) {","                    switch (element.tagName) {","                    case 'INPUT':","                    case 'TEXTAREA':","                        element.value = '';","                        break;","                    default:","                        element.textContent = '';","                    }","                });","            }","            switch (event && event.currentTarget && event.currentTarget.id) {","            case 'testRunButton1':","                // show tests","                if (document.querySelector('#testReportDiv1').style.display === 'none') {","                    document.querySelector('#testReportDiv1').style.display = 'block';","                    document.querySelector('#testRunButton1').textContent =","                        'hide internal test';","                    local.modeTest = true;","                    local.testRunDefault(local);","                // hide tests","                } else {","                    document.querySelector('#testReportDiv1').style.display = 'none';","                    document.querySelector('#testRunButton1').textContent = 'run internal test';","                }","                break;","            // custom-case","            default:","                break;","            }","            if (document.querySelector('#inputTextareaEval1') && (!event || (event &&","                    event.currentTarget &&","                    event.currentTarget.className &&","                    event.currentTarget.className.includes &&","                    event.currentTarget.className.includes('oneval')))) {","                // try to eval input-code","                try {","                    /*jslint evil: true*/","                    eval(document.querySelector('#inputTextareaEval1').value);","                } catch (errorCaught) {","                    console.error(errorCaught);","                }","            }","        };","        // log stderr and stdout to #outputTextareaStdout1","        ['error', 'log'].forEach(function (key) {","            console[key + '_original'] = console[key];","            console[key] = function () {","                var element;","                console[key + '_original'].apply(console, arguments);","                element = document.querySelector('#outputTextareaStdout1');","                if (!element) {","                    return;","                }","                // append text to #outputTextareaStdout1","                element.value += Array.from(arguments).map(function (arg) {","                    return typeof arg === 'string'","                        ? arg","                        : JSON.stringify(arg, null, 4);","                }).join(' ') + '\\n';","                // scroll textarea to bottom","                element.scrollTop = element.scrollHeight;","            };","        });","        // init event-handling","        ['change', 'click', 'keyup'].forEach(function (event) {","            Array.from(document.querySelectorAll('.on' + event)).forEach(function (element) {","                element.addEventListener(event, local.testRunBrowser);","            });","        });","        // run tests","        local.testRunBrowser();","        break;","","","","    // run node js-env code - post-init","    /* istanbul ignore next */","    case 'node':","        // export local","        module.exports = local;","        // require modules","        local.fs = require('fs');","        local.http = require('http');","        local.url = require('url');","        // init assets","        local.assetsDict = local.assetsDict || {};","        /* jslint-ignore-begin */","        local.assetsDict['/assets.index.template.html'] = '\\","<!doctype html>\\n\\","<html lang=\"en\">\\n\\","<head>\\n\\","<meta charset=\"UTF-8\">\\n\\","<meta name=\"viewport\" content=\"width=device-width, initial-scale=1\">\\n\\","<title>{{env.npm_package_name}} (v{{env.npm_package_version}})</title>\\n\\","<style>\\n\\","/*csslint\\n\\","    box-sizing: false,\\n\\","    universal-selector: false\\n\\","*/\\n\\","* {\\n\\","    box-sizing: border-box;\\n\\","}\\n\\","body {\\n\\","    background: #dde;\\n\\","    font-family: Arial, Helvetica, sans-serif;\\n\\","    margin: 2rem;\\n\\","}\\n\\","body > * {\\n\\","    margin-bottom: 1rem;\\n\\","}\\n\\",".utility2FooterDiv {\\n\\","    margin-top: 20px;\\n\\","    text-align: center;\\n\\","}\\n\\","</style>\\n\\","<style>\\n\\","/*csslint\\n\\","*/\\n\\","textarea {\\n\\","    font-family: monospace;\\n\\","    height: 10rem;\\n\\","    width: 100%;\\n\\","}\\n\\","textarea[readonly] {\\n\\","    background: #ddd;\\n\\","}\\n\\","</style>\\n\\","</head>\\n\\","<body>\\n\\","<!-- utility2-comment\\n\\","<div id=\"ajaxProgressDiv1\" style=\"background: #d00; height: 2px; left: 0; margin: 0; padding: 0; position: fixed; top: 0; transition: background 0.5s, width 1.5s; width: 25%;\"></div>\\n\\","utility2-comment -->\\n\\","<h1>\\n\\","<!-- utility2-comment\\n\\","    <a\\n\\","        {{#if env.npm_package_homepage}}\\n\\","        href=\"{{env.npm_package_homepage}}\"\\n\\","        {{/if env.npm_package_homepage}}\\n\\","        target=\"_blank\"\\n\\","    >\\n\\","utility2-comment -->\\n\\","        {{env.npm_package_name}} (v{{env.npm_package_version}})\\n\\","<!-- utility2-comment\\n\\","    </a>\\n\\","utility2-comment -->\\n\\","</h1>\\n\\","<h3>{{env.npm_package_description}}</h3>\\n\\","<!-- utility2-comment\\n\\","<h4><a download href=\"assets.app.js\">download standalone app</a></h4>\\n\\","<button class=\"onclick onreset\" id=\"testRunButton1\">run internal test</button><br>\\n\\","<div id=\"testReportDiv1\" style=\"display: none;\"></div>\\n\\","utility2-comment -->\\n\\","\\n\\","\\n\\","\\n\\","<label>stderr and stdout</label>\\n\\","<textarea class=\"resettable\" id=\"outputTextareaStdout1\" readonly></textarea>\\n\\","<!-- utility2-comment\\n\\","{{#if isRollup}}\\n\\","<script src=\"assets.app.js\"></script>\\n\\","{{#unless isRollup}}\\n\\","utility2-comment -->\\n\\","<script src=\"assets.utility2.rollup.js\"></script>\\n\\","<script src=\"jsonp.utility2._stateInit?callback=window.utility2._stateInit\"></script>\\n\\","<script src=\"assets.npmtest_css.rollup.js\"></script>\\n\\","<script src=\"assets.example.js\"></script>\\n\\","<script src=\"assets.test.js\"></script>\\n\\","<!-- utility2-comment\\n\\","{{/if isRollup}}\\n\\","utility2-comment -->\\n\\","<div class=\"utility2FooterDiv\">\\n\\","    [ this app was created with\\n\\","    <a href=\"https://github.com/kaizhu256/node-utility2\" target=\"_blank\">utility2</a>\\n\\","    ]\\n\\","</div>\\n\\","</body>\\n\\","</html>\\n\\","';","        /* jslint-ignore-end */","        if (local.templateRender) {","            local.assetsDict['/'] = local.templateRender(","                local.assetsDict['/assets.index.template.html'],","                {","                    env: local.objectSetDefault(local.env, {","                        npm_package_description: 'the greatest app in the world!',","                        npm_package_name: 'my-app',","                        npm_package_nameAlias: 'my_app',","                        npm_package_version: '0.0.1'","                    })","                }","            );","        } else {","            local.assetsDict['/'] = local.assetsDict['/assets.index.template.html']","                .replace((/\\{\\{env\\.(\\w+?)\\}\\}/g), function (match0, match1) {","                    // jslint-hack","                    String(match0);","                    switch (match1) {","                    case 'npm_package_description':","                        return 'the greatest app in the world!';","                    case 'npm_package_name':","                        return 'my-app';","                    case 'npm_package_nameAlias':","                        return 'my_app';","                    case 'npm_package_version':","                        return '0.0.1';","                    }","                });","        }","        // run the cli","        if (local.global.utility2_rollup || module !== require.main) {","            break;","        }","        local.assetsDict['/assets.example.js'] =","            local.assetsDict['/assets.example.js'] ||","            local.fs.readFileSync(__filename, 'utf8');","        // bug-workaround - long $npm_package_buildCustomOrg","        /* jslint-ignore-begin */","        local.assetsDict['/assets.npmtest_css.rollup.js'] =","            local.assetsDict['/assets.npmtest_css.rollup.js'] ||","            local.fs.readFileSync(","                local.npmtest_css.__dirname + '/lib.npmtest_css.js',","                'utf8'","            ).replace((/^#!/), '//');","        /* jslint-ignore-end */","        local.assetsDict['/favicon.ico'] = local.assetsDict['/favicon.ico'] || '';","        // if $npm_config_timeout_exit exists,","        // then exit this process after $npm_config_timeout_exit ms","        if (Number(process.env.npm_config_timeout_exit)) {","            setTimeout(process.exit, Number(process.env.npm_config_timeout_exit));","        }","        // start server","        if (local.global.utility2_serverHttp1) {","            break;","        }","        process.env.PORT = process.env.PORT || '8081';","        console.error('server starting on port ' + process.env.PORT);","        local.http.createServer(function (request, response) {","            request.urlParsed = local.url.parse(request.url);","            if (local.assetsDict[request.urlParsed.pathname] !== undefined) {","                response.end(local.assetsDict[request.urlParsed.pathname]);","                return;","            }","            response.statusCode = 404;","            response.end();","        }).listen(process.env.PORT);","        break;","    }","}());",""],"l":{"26":2,"28":2,"33":2,"35":2,"37":2,"38":2,"39":2,"44":1,"51":2,"55":2,"59":2,"61":2,"69":1,"70":2,"76":2,"79":2,"82":2,"83":2,"85":1,"89":2,"92":1,"93":1,"94":1,"96":1,"97":1,"100":1,"101":1,"103":1,"106":1,"108":2,"114":1,"116":1,"118":1,"123":1,"124":2,"125":2,"126":3,"127":3,"128":3,"129":3,"130":1,"133":3,"134":3,"139":3,"143":1,"144":3,"145":1,"149":1,"150":1,"158":1,"160":1,"161":1,"162":1,"164":1,"166":1,"258":1,"259":1,"271":1,"274":6,"275":6,"277":1,"279":2,"281":1,"283":2,"288":1,"289":1,"291":1,"296":1,"303":1,"306":1,"307":1,"310":1,"311":1,"313":1,"314":1,"315":1,"316":1,"317":1,"318":1,"319":1,"321":1,"322":1,"324":1}},"/home/travis/build/npmtest/node-npmtest-css/node_modules/css/index.js":{"path":"/home/travis/build/npmtest/node-npmtest-css/node_modules/css/index.js","s":{"1":1,"2":1},"b":{},"f":{},"fnMap":{},"statementMap":{"1":{"start":{"line":1,"column":0},"end":{"line":1,"column":39}},"2":{"start":{"line":2,"column":0},"end":{"line":2,"column":47}}},"branchMap":{},"code":["exports.parse = require('./lib/parse');","exports.stringify = require('./lib/stringify');",""],"l":{"1":1,"2":1}},"/home/travis/build/npmtest/node-npmtest-css/node_modules/css/lib/parse/index.js":{"path":"/home/travis/build/npmtest/node-npmtest-css/node_modules/css/lib/parse/index.js","s":{"1":1,"2":1,"3":0,"4":0,"5":0,"6":1,"7":0,"8":0,"9":0,"10":0,"11":0,"12":1,"13":0,"14":0,"15":0,"16":0,"17":0,"18":1,"19":0,"20":0,"21":0,"22":0,"23":0,"24":1,"25":0,"26":0,"27":0,"28":0,"29":0,"30":0,"31":0,"32":0,"33":0,"34":1,"35":0,"36":0,"37":1,"38":0,"39":1,"40":0,"41":1,"42":0,"43":0,"44":0,"45":0,"46":0,"47":0,"48":0,"49":0,"50":0,"51":1,"52":0,"53":0,"54":0,"55":0,"56":0,"57":0,"58":0,"59":1,"60":0,"61":1,"62":0,"63":0,"64":0,"65":0,"66":0,"67":0,"68":1,"69":0,"70":0,"71":0,"72":0,"73":0,"74":0,"75":0,"76":0,"77":0,"78":0,"79":0,"80":0,"81":0,"82":0,"83":0,"84":1,"85":0,"86":0,"87":0,"88":0,"89":0,"90":0,"91":1,"92":0,"93":0,"94":0,"95":0,"96":0,"97":0,"98":0,"99":0,"100":0,"101":0,"102":0,"103":1,"104":0,"105":0,"106":0,"107":0,"108":0,"109":0,"110":0,"111":0,"112":0,"113":0,"114":0,"115":0,"116":1,"117":0,"118":0,"119":0,"120":0,"121":0,"122":0,"123":0,"124":0,"125":0,"126":1,"127":0,"128":0,"129":0,"130":0,"131":0,"132":0,"133":0,"134":0,"135":0,"136":0,"137":0,"138":0,"139":0,"140":0,"141":0,"142":0,"143":0,"144":0,"145":0,"146":1,"147":0,"148":0,"149":0,"150":0,"151":0,"152":0,"153":0,"154":0,"155":0,"156":0,"157":0,"158":1,"159":0,"160":0,"161":0,"162":0,"163":0,"164":0,"165":0,"166":0,"167":0,"168":0,"169":1,"170":0,"171":0,"172":0,"173":0,"174":0,"175":0,"176":0,"177":0,"178":0,"179":0,"180":0,"181":1,"182":0,"183":0,"184":0,"185":0,"186":0,"187":1,"188":0,"189":0,"190":0,"191":0,"192":0,"193":0,"194":0,"195":0,"196":0,"197":0,"198":0,"199":0,"200":0,"201":0,"202":0,"203":1,"204":0,"205":0,"206":0,"207":0,"208":0,"209":0,"210":0,"211":0,"212":0,"213":0,"214":0,"215":0,"216":1,"217":0,"218":0,"219":0,"220":0,"221":0,"222":0,"223":0,"224":0,"225":0,"226":0,"227":0,"228":0,"229":0,"230":0,"231":0,"232":0,"233":0,"234":1,"235":0,"236":0,"237":0,"238":0,"239":0,"240":0,"241":0,"242":0,"243":0,"244":1,"245":0,"246":0,"247":0,"248":1,"249":0,"250":0,"251":0,"252":0,"253":0,"254":0,"255":0,"256":1,"257":0,"258":1,"259":0,"260":0,"261":0,"262":0,"263":0,"264":0,"265":0,"266":0,"267":0,"268":0,"269":0,"270":0},"b":{"1":[0,0],"2":[0,0],"3":[0,0],"4":[0,0],"5":[0,0,0],"6":[0,0],"7":[0,0],"8":[0,0],"9":[0,0],"10":[0,0],"11":[0,0],"12":[0,0],"13":[0,0,0],"14":[0,0],"15":[0,0],"16":[0,0],"17":[0,0],"18":[0,0],"19":[0,0],"20":[0,0],"21":[0,0],"22":[0,0],"23":[0,0],"24":[0,0],"25":[0,0],"26":[0,0],"27":[0,0],"28":[0,0],"29":[0,0],"30":[0,0],"31":[0,0],"32":[0,0],"33":[0,0],"34":[0,0],"35":[0,0],"36":[0,0],"37":[0,0],"38":[0,0],"39":[0,0],"40":[0,0],"41":[0,0],"42":[0,0],"43":[0,0],"44":[0,0],"45":[0,0],"46":[0,0],"47":[0,0],"48":[0,0],"49":[0,0,0,0,0,0,0,0,0,0,0],"50":[0,0],"51":[0,0],"52":[0,0],"53":[0,0],"54":[0,0],"55":[0,0],"56":[0,0],"57":[0,0],"58":[0,0]},"f":{"1":0,"2":0,"3":0,"4":0,"5":0,"6":0,"7":0,"8":0,"9":0,"10":0,"11":0,"12":0,"13":0,"14":0,"15":0,"16":0,"17":0,"18":0,"19":0,"20":0,"21":0,"22":0,"23":0,"24":0,"25":0,"26":0,"27":0,"28":0,"29":0,"30":0,"31":0,"32":0,"33":0,"34":0,"35":0},"fnMap":{"1":{"name":"(anonymous_1)","line":5,"loc":{"start":{"line":5,"column":17},"end":{"line":5,"column":39}}},"2":{"name":"updatePosition","line":19,"loc":{"start":{"line":19,"column":2},"end":{"line":19,"column":31}}},"3":{"name":"position","line":30,"loc":{"start":{"line":30,"column":2},"end":{"line":30,"column":22}}},"4":{"name":"(anonymous_4)","line":32,"loc":{"start":{"line":32,"column":11},"end":{"line":32,"column":25}}},"5":{"name":"Position","line":43,"loc":{"start":{"line":43,"column":2},"end":{"line":43,"column":27}}},"6":{"name":"error","line":61,"loc":{"start":{"line":61,"column":2},"end":{"line":61,"column":22}}},"7":{"name":"stylesheet","line":80,"loc":{"start":{"line":80,"column":2},"end":{"line":80,"column":24}}},"8":{"name":"open","line":96,"loc":{"start":{"line":96,"column":2},"end":{"line":96,"column":18}}},"9":{"name":"close","line":104,"loc":{"start":{"line":104,"column":2},"end":{"line":104,"column":19}}},"10":{"name":"rules","line":112,"loc":{"start":{"line":112,"column":2},"end":{"line":112,"column":19}}},"11":{"name":"match","line":130,"loc":{"start":{"line":130,"column":2},"end":{"line":130,"column":21}}},"12":{"name":"whitespace","line":143,"loc":{"start":{"line":143,"column":2},"end":{"line":143,"column":24}}},"13":{"name":"comments","line":151,"loc":{"start":{"line":151,"column":2},"end":{"line":151,"column":27}}},"14":{"name":"comment","line":166,"loc":{"start":{"line":166,"column":2},"end":{"line":166,"column":21}}},"15":{"name":"selector","line":194,"loc":{"start":{"line":194,"column":2},"end":{"line":194,"column":22}}},"16":{"name":"(anonymous_16)","line":201,"loc":{"start":{"line":201,"column":51},"end":{"line":201,"column":63}}},"17":{"name":"(anonymous_17)","line":205,"loc":{"start":{"line":205,"column":11},"end":{"line":205,"column":23}}},"18":{"name":"declaration","line":214,"loc":{"start":{"line":214,"column":2},"end":{"line":214,"column":25}}},"19":{"name":"declarations","line":244,"loc":{"start":{"line":244,"column":2},"end":{"line":244,"column":26}}},"20":{"name":"keyframe","line":267,"loc":{"start":{"line":267,"column":2},"end":{"line":267,"column":22}}},"21":{"name":"atkeyframes","line":290,"loc":{"start":{"line":290,"column":2},"end":{"line":290,"column":25}}},"22":{"name":"atsupports","line":325,"loc":{"start":{"line":325,"column":2},"end":{"line":325,"column":24}}},"23":{"name":"athost","line":349,"loc":{"start":{"line":349,"column":2},"end":{"line":349,"column":20}}},"24":{"name":"atmedia","line":371,"loc":{"start":{"line":371,"column":2},"end":{"line":371,"column":21}}},"25":{"name":"atcustommedia","line":396,"loc":{"start":{"line":396,"column":2},"end":{"line":396,"column":27}}},"26":{"name":"atpage","line":412,"loc":{"start":{"line":412,"column":2},"end":{"line":412,"column":20}}},"27":{"name":"atdocument","line":442,"loc":{"start":{"line":442,"column":2},"end":{"line":442,"column":24}}},"28":{"name":"atfontface","line":468,"loc":{"start":{"line":468,"column":2},"end":{"line":468,"column":24}}},"29":{"name":"_compileAtrule","line":514,"loc":{"start":{"line":514,"column":2},"end":{"line":514,"column":32}}},"30":{"name":"(anonymous_30)","line":516,"loc":{"start":{"line":516,"column":11},"end":{"line":516,"column":22}}},"31":{"name":"atrule","line":530,"loc":{"start":{"line":530,"column":2},"end":{"line":530,"column":20}}},"32":{"name":"rule","line":550,"loc":{"start":{"line":550,"column":2},"end":{"line":550,"column":18}}},"33":{"name":"trim","line":571,"loc":{"start":{"line":571,"column":0},"end":{"line":571,"column":19}}},"34":{"name":"addParent","line":579,"loc":{"start":{"line":579,"column":0},"end":{"line":579,"column":32}}},"35":{"name":"(anonymous_35)","line":586,"loc":{"start":{"line":586,"column":20},"end":{"line":586,"column":32}}}},"statementMap":{"1":{"start":{"line":3,"column":0},"end":{"line":3,"column":49}},"2":{"start":{"line":5,"column":0},"end":{"line":565,"column":2}},"3":{"start":{"line":6,"column":2},"end":{"line":6,"column":26}},"4":{"start":{"line":12,"column":2},"end":{"line":12,"column":17}},"5":{"start":{"line":13,"column":2},"end":{"line":13,"column":17}},"6":{"start":{"line":19,"column":2},"end":{"line":24,"column":3}},"7":{"start":{"line":20,"column":4},"end":{"line":20,"column":33}},"8":{"start":{"line":21,"column":4},"end":{"line":21,"column":38}},"9":{"start":{"line":21,"column":15},"end":{"line":21,"column":38}},"10":{"start":{"line":22,"column":4},"end":{"line":22,"column":34}},"11":{"start":{"line":23,"column":4},"end":{"line":23,"column":55}},"12":{"start":{"line":30,"column":2},"end":{"line":37,"column":3}},"13":{"start":{"line":31,"column":4},"end":{"line":31,"column":49}},"14":{"start":{"line":32,"column":4},"end":{"line":36,"column":6}},"15":{"start":{"line":33,"column":6},"end":{"line":33,"column":42}},"16":{"start":{"line":34,"column":6},"end":{"line":34,"column":19}},"17":{"start":{"line":35,"column":6},"end":{"line":35,"column":18}},"18":{"start":{"line":43,"column":2},"end":{"line":47,"column":3}},"19":{"start":{"line":44,"column":4},"end":{"line":44,"column":23}},"20":{"start":{"line":45,"column":4},"end":{"line":45,"column":48}},"21":{"start":{"line":46,"column":4},"end":{"line":46,"column":33}},"22":{"start":{"line":53,"column":2},"end":{"line":53,"column":35}},"23":{"start":{"line":59,"column":2},"end":{"line":59,"column":22}},"24":{"start":{"line":61,"column":2},"end":{"line":74,"column":3}},"25":{"start":{"line":62,"column":4},"end":{"line":62,"column":83}},"26":{"start":{"line":63,"column":4},"end":{"line":63,"column":21}},"27":{"start":{"line":64,"column":4},"end":{"line":64,"column":34}},"28":{"start":{"line":65,"column":4},"end":{"line":65,"column":22}},"29":{"start":{"line":66,"column":4},"end":{"line":66,"column":24}},"30":{"start":{"line":67,"column":4},"end":{"line":67,"column":21}},"31":{"start":{"line":69,"column":4},"end":{"line":73,"column":5}},"32":{"start":{"line":70,"column":6},"end":{"line":70,"column":27}},"33":{"start":{"line":72,"column":6},"end":{"line":72,"column":16}},"34":{"start":{"line":80,"column":2},"end":{"line":90,"column":3}},"35":{"start":{"line":81,"column":4},"end":{"line":81,"column":28}},"36":{"start":{"line":83,"column":4},"end":{"line":89,"column":6}},"37":{"start":{"line":96,"column":2},"end":{"line":98,"column":3}},"38":{"start":{"line":97,"column":4},"end":{"line":97,"column":26}},"39":{"start":{"line":104,"column":2},"end":{"line":106,"column":3}},"40":{"start":{"line":105,"column":4},"end":{"line":105,"column":23}},"41":{"start":{"line":112,"column":2},"end":{"line":124,"column":3}},"42":{"start":{"line":113,"column":4},"end":{"line":113,"column":13}},"43":{"start":{"line":114,"column":4},"end":{"line":114,"column":19}},"44":{"start":{"line":115,"column":4},"end":{"line":115,"column":17}},"45":{"start":{"line":116,"column":4},"end":{"line":116,"column":20}},"46":{"start":{"line":117,"column":4},"end":{"line":122,"column":5}},"47":{"start":{"line":118,"column":6},"end":{"line":121,"column":7}},"48":{"start":{"line":119,"column":8},"end":{"line":119,"column":25}},"49":{"start":{"line":120,"column":8},"end":{"line":120,"column":24}},"50":{"start":{"line":123,"column":4},"end":{"line":123,"column":17}},"51":{"start":{"line":130,"column":2},"end":{"line":137,"column":3}},"52":{"start":{"line":131,"column":4},"end":{"line":131,"column":25}},"53":{"start":{"line":132,"column":4},"end":{"line":132,"column":19}},"54":{"start":{"line":132,"column":12},"end":{"line":132,"column":19}},"55":{"start":{"line":133,"column":4},"end":{"line":133,"column":19}},"56":{"start":{"line":134,"column":4},"end":{"line":134,"column":24}},"57":{"start":{"line":135,"column":4},"end":{"line":135,"column":32}},"58":{"start":{"line":136,"column":4},"end":{"line":136,"column":13}},"59":{"start":{"line":143,"column":2},"end":{"line":145,"column":3}},"60":{"start":{"line":144,"column":4},"end":{"line":144,"column":18}},"61":{"start":{"line":151,"column":2},"end":{"line":160,"column":3}},"62":{"start":{"line":152,"column":4},"end":{"line":152,"column":10}},"63":{"start":{"line":153,"column":4},"end":{"line":153,"column":24}},"64":{"start":{"line":154,"column":4},"end":{"line":158,"column":5}},"65":{"start":{"line":155,"column":6},"end":{"line":157,"column":7}},"66":{"start":{"line":156,"column":8},"end":{"line":156,"column":22}},"67":{"start":{"line":159,"column":4},"end":{"line":159,"column":17}},"68":{"start":{"line":166,"column":2},"end":{"line":188,"column":3}},"69":{"start":{"line":167,"column":4},"end":{"line":167,"column":25}},"70":{"start":{"line":168,"column":4},"end":{"line":168,"column":61}},"71":{"start":{"line":168,"column":54},"end":{"line":168,"column":61}},"72":{"start":{"line":170,"column":4},"end":{"line":170,"column":14}},"73":{"start":{"line":171,"column":4},"end":{"line":171,"column":90}},"74":{"start":{"line":171,"column":86},"end":{"line":171,"column":90}},"75":{"start":{"line":172,"column":4},"end":{"line":172,"column":11}},"76":{"start":{"line":174,"column":4},"end":{"line":176,"column":5}},"77":{"start":{"line":175,"column":6},"end":{"line":175,"column":45}},"78":{"start":{"line":178,"column":4},"end":{"line":178,"column":34}},"79":{"start":{"line":179,"column":4},"end":{"line":179,"column":16}},"80":{"start":{"line":180,"column":4},"end":{"line":180,"column":24}},"81":{"start":{"line":181,"column":4},"end":{"line":181,"column":23}},"82":{"start":{"line":182,"column":4},"end":{"line":182,"column":16}},"83":{"start":{"line":184,"column":4},"end":{"line":187,"column":7}},"84":{"start":{"line":194,"column":2},"end":{"line":208,"column":3}},"85":{"start":{"line":195,"column":4},"end":{"line":195,"column":30}},"86":{"start":{"line":196,"column":4},"end":{"line":196,"column":19}},"87":{"start":{"line":196,"column":12},"end":{"line":196,"column":19}},"88":{"start":{"line":199,"column":4},"end":{"line":207,"column":9}},"89":{"start":{"line":202,"column":8},"end":{"line":202,"column":41}},"90":{"start":{"line":206,"column":8},"end":{"line":206,"column":41}},"91":{"start":{"line":214,"column":2},"end":{"line":238,"column":3}},"92":{"start":{"line":215,"column":4},"end":{"line":215,"column":25}},"93":{"start":{"line":218,"column":4},"end":{"line":218,"column":65}},"94":{"start":{"line":219,"column":4},"end":{"line":219,"column":22}},"95":{"start":{"line":219,"column":15},"end":{"line":219,"column":22}},"96":{"start":{"line":220,"column":4},"end":{"line":220,"column":25}},"97":{"start":{"line":223,"column":4},"end":{"line":223,"column":62}},"98":{"start":{"line":223,"column":25},"end":{"line":223,"column":62}},"99":{"start":{"line":226,"column":4},"end":{"line":226,"column":77}},"100":{"start":{"line":228,"column":4},"end":{"line":232,"column":7}},"101":{"start":{"line":235,"column":4},"end":{"line":235,"column":21}},"102":{"start":{"line":237,"column":4},"end":{"line":237,"column":15}},"103":{"start":{"line":244,"column":2},"end":{"line":261,"column":3}},"104":{"start":{"line":245,"column":4},"end":{"line":245,"column":19}},"105":{"start":{"line":247,"column":4},"end":{"line":247,"column":45}},"106":{"start":{"line":247,"column":17},"end":{"line":247,"column":45}},"107":{"start":{"line":248,"column":4},"end":{"line":248,"column":20}},"108":{"start":{"line":251,"column":4},"end":{"line":251,"column":13}},"109":{"start":{"line":252,"column":4},"end":{"line":257,"column":5}},"110":{"start":{"line":253,"column":6},"end":{"line":256,"column":7}},"111":{"start":{"line":254,"column":8},"end":{"line":254,"column":25}},"112":{"start":{"line":255,"column":8},"end":{"line":255,"column":24}},"113":{"start":{"line":259,"column":4},"end":{"line":259,"column":46}},"114":{"start":{"line":259,"column":18},"end":{"line":259,"column":46}},"115":{"start":{"line":260,"column":4},"end":{"line":260,"column":17}},"116":{"start":{"line":267,"column":2},"end":{"line":284,"column":3}},"117":{"start":{"line":268,"column":4},"end":{"line":268,"column":10}},"118":{"start":{"line":269,"column":4},"end":{"line":269,"column":18}},"119":{"start":{"line":270,"column":4},"end":{"line":270,"column":25}},"120":{"start":{"line":272,"column":4},"end":{"line":275,"column":5}},"121":{"start":{"line":273,"column":6},"end":{"line":273,"column":22}},"122":{"start":{"line":274,"column":6},"end":{"line":274,"column":21}},"123":{"start":{"line":277,"column":4},"end":{"line":277,"column":29}},"124":{"start":{"line":277,"column":22},"end":{"line":277,"column":29}},"125":{"start":{"line":279,"column":4},"end":{"line":283,"column":7}},"126":{"start":{"line":290,"column":2},"end":{"line":319,"column":3}},"127":{"start":{"line":291,"column":4},"end":{"line":291,"column":25}},"128":{"start":{"line":292,"column":4},"end":{"line":292,"column":45}},"129":{"start":{"line":294,"column":4},"end":{"line":294,"column":19}},"130":{"start":{"line":294,"column":12},"end":{"line":294,"column":19}},"131":{"start":{"line":295,"column":4},"end":{"line":295,"column":22}},"132":{"start":{"line":298,"column":4},"end":{"line":298,"column":34}},"133":{"start":{"line":299,"column":4},"end":{"line":299,"column":52}},"134":{"start":{"line":299,"column":12},"end":{"line":299,"column":52}},"135":{"start":{"line":300,"column":4},"end":{"line":300,"column":20}},"136":{"start":{"line":302,"column":4},"end":{"line":302,"column":56}},"137":{"start":{"line":302,"column":17},"end":{"line":302,"column":56}},"138":{"start":{"line":304,"column":4},"end":{"line":304,"column":14}},"139":{"start":{"line":305,"column":4},"end":{"line":305,"column":28}},"140":{"start":{"line":306,"column":4},"end":{"line":309,"column":5}},"141":{"start":{"line":307,"column":6},"end":{"line":307,"column":25}},"142":{"start":{"line":308,"column":6},"end":{"line":308,"column":41}},"143":{"start":{"line":311,"column":4},"end":{"line":311,"column":57}},"144":{"start":{"line":311,"column":18},"end":{"line":311,"column":57}},"145":{"start":{"line":313,"column":4},"end":{"line":318,"column":7}},"146":{"start":{"line":325,"column":2},"end":{"line":343,"column":3}},"147":{"start":{"line":326,"column":4},"end":{"line":326,"column":25}},"148":{"start":{"line":327,"column":4},"end":{"line":327,"column":41}},"149":{"start":{"line":329,"column":4},"end":{"line":329,"column":19}},"150":{"start":{"line":329,"column":12},"end":{"line":329,"column":19}},"151":{"start":{"line":330,"column":4},"end":{"line":330,"column":30}},"152":{"start":{"line":332,"column":4},"end":{"line":332,"column":55}},"153":{"start":{"line":332,"column":17},"end":{"line":332,"column":55}},"154":{"start":{"line":334,"column":4},"end":{"line":334,"column":43}},"155":{"start":{"line":336,"column":4},"end":{"line":336,"column":56}},"156":{"start":{"line":336,"column":18},"end":{"line":336,"column":56}},"157":{"start":{"line":338,"column":4},"end":{"line":342,"column":7}},"158":{"start":{"line":349,"column":2},"end":{"line":365,"column":3}},"159":{"start":{"line":350,"column":4},"end":{"line":350,"column":25}},"160":{"start":{"line":351,"column":4},"end":{"line":351,"column":31}},"161":{"start":{"line":353,"column":4},"end":{"line":353,"column":19}},"162":{"start":{"line":353,"column":12},"end":{"line":353,"column":19}},"163":{"start":{"line":355,"column":4},"end":{"line":355,"column":51}},"164":{"start":{"line":355,"column":17},"end":{"line":355,"column":51}},"165":{"start":{"line":357,"column":4},"end":{"line":357,"column":43}},"166":{"start":{"line":359,"column":4},"end":{"line":359,"column":52}},"167":{"start":{"line":359,"column":18},"end":{"line":359,"column":52}},"168":{"start":{"line":361,"column":4},"end":{"line":364,"column":7}},"169":{"start":{"line":371,"column":2},"end":{"line":389,"column":3}},"170":{"start":{"line":372,"column":4},"end":{"line":372,"column":25}},"171":{"start":{"line":373,"column":4},"end":{"line":373,"column":38}},"172":{"start":{"line":375,"column":4},"end":{"line":375,"column":19}},"173":{"start":{"line":375,"column":12},"end":{"line":375,"column":19}},"174":{"start":{"line":376,"column":4},"end":{"line":376,"column":27}},"175":{"start":{"line":378,"column":4},"end":{"line":378,"column":52}},"176":{"start":{"line":378,"column":17},"end":{"line":378,"column":52}},"177":{"start":{"line":380,"column":4},"end":{"line":380,"column":43}},"178":{"start":{"line":382,"column":4},"end":{"line":382,"column":53}},"179":{"start":{"line":382,"column":18},"end":{"line":382,"column":53}},"180":{"start":{"line":384,"column":4},"end":{"line":388,"column":7}},"181":{"start":{"line":396,"column":2},"end":{"line":406,"column":3}},"182":{"start":{"line":397,"column":4},"end":{"line":397,"column":25}},"183":{"start":{"line":398,"column":4},"end":{"line":398,"column":61}},"184":{"start":{"line":399,"column":4},"end":{"line":399,"column":19}},"185":{"start":{"line":399,"column":12},"end":{"line":399,"column":19}},"186":{"start":{"line":401,"column":4},"end":{"line":405,"column":7}},"187":{"start":{"line":412,"column":2},"end":{"line":436,"column":3}},"188":{"start":{"line":413,"column":4},"end":{"line":413,"column":25}},"189":{"start":{"line":414,"column":4},"end":{"line":414,"column":30}},"190":{"start":{"line":415,"column":4},"end":{"line":415,"column":19}},"191":{"start":{"line":415,"column":12},"end":{"line":415,"column":19}},"192":{"start":{"line":417,"column":4},"end":{"line":417,"column":31}},"193":{"start":{"line":419,"column":4},"end":{"line":419,"column":51}},"194":{"start":{"line":419,"column":17},"end":{"line":419,"column":51}},"195":{"start":{"line":420,"column":4},"end":{"line":420,"column":27}},"196":{"start":{"line":423,"column":4},"end":{"line":423,"column":13}},"197":{"start":{"line":424,"column":4},"end":{"line":427,"column":5}},"198":{"start":{"line":425,"column":6},"end":{"line":425,"column":23}},"199":{"start":{"line":426,"column":6},"end":{"line":426,"column":39}},"200":{"start":{"line":429,"column":4},"end":{"line":429,"column":52}},"201":{"start":{"line":429,"column":18},"end":{"line":429,"column":52}},"202":{"start":{"line":431,"column":4},"end":{"line":435,"column":7}},"203":{"start":{"line":442,"column":2},"end":{"line":462,"column":3}},"204":{"start":{"line":443,"column":4},"end":{"line":443,"column":25}},"205":{"start":{"line":444,"column":4},"end":{"line":444,"column":50}},"206":{"start":{"line":445,"column":4},"end":{"line":445,"column":19}},"207":{"start":{"line":445,"column":12},"end":{"line":445,"column":19}},"208":{"start":{"line":447,"column":4},"end":{"line":447,"column":28}},"209":{"start":{"line":448,"column":4},"end":{"line":448,"column":25}},"210":{"start":{"line":450,"column":4},"end":{"line":450,"column":55}},"211":{"start":{"line":450,"column":17},"end":{"line":450,"column":55}},"212":{"start":{"line":452,"column":4},"end":{"line":452,"column":43}},"213":{"start":{"line":454,"column":4},"end":{"line":454,"column":56}},"214":{"start":{"line":454,"column":18},"end":{"line":454,"column":56}},"215":{"start":{"line":456,"column":4},"end":{"line":461,"column":7}},"216":{"start":{"line":468,"column":2},"end":{"line":489,"column":3}},"217":{"start":{"line":469,"column":4},"end":{"line":469,"column":25}},"218":{"start":{"line":470,"column":4},"end":{"line":470,"column":36}},"219":{"start":{"line":471,"column":4},"end":{"line":471,"column":19}},"220":{"start":{"line":471,"column":12},"end":{"line":471,"column":19}},"221":{"start":{"line":473,"column":4},"end":{"line":473,"column":56}},"222":{"start":{"line":473,"column":17},"end":{"line":473,"column":56}},"223":{"start":{"line":474,"column":4},"end":{"line":474,"column":27}},"224":{"start":{"line":477,"column":4},"end":{"line":477,"column":13}},"225":{"start":{"line":478,"column":4},"end":{"line":481,"column":5}},"226":{"start":{"line":479,"column":6},"end":{"line":479,"column":23}},"227":{"start":{"line":480,"column":6},"end":{"line":480,"column":39}},"228":{"start":{"line":483,"column":4},"end":{"line":483,"column":57}},"229":{"start":{"line":483,"column":18},"end":{"line":483,"column":57}},"230":{"start":{"line":485,"column":4},"end":{"line":488,"column":7}},"231":{"start":{"line":495,"column":2},"end":{"line":495,"column":42}},"232":{"start":{"line":501,"column":2},"end":{"line":501,"column":44}},"233":{"start":{"line":507,"column":2},"end":{"line":507,"column":48}},"234":{"start":{"line":514,"column":2},"end":{"line":524,"column":3}},"235":{"start":{"line":515,"column":4},"end":{"line":515,"column":54}},"236":{"start":{"line":516,"column":4},"end":{"line":523,"column":5}},"237":{"start":{"line":517,"column":6},"end":{"line":517,"column":27}},"238":{"start":{"line":518,"column":6},"end":{"line":518,"column":24}},"239":{"start":{"line":519,"column":6},"end":{"line":519,"column":21}},"240":{"start":{"line":519,"column":14},"end":{"line":519,"column":21}},"241":{"start":{"line":520,"column":6},"end":{"line":520,"column":31}},"242":{"start":{"line":521,"column":6},"end":{"line":521,"column":30}},"243":{"start":{"line":522,"column":6},"end":{"line":522,"column":22}},"244":{"start":{"line":530,"column":2},"end":{"line":544,"column":3}},"245":{"start":{"line":531,"column":4},"end":{"line":531,"column":30}},"246":{"start":{"line":531,"column":23},"end":{"line":531,"column":30}},"247":{"start":{"line":533,"column":4},"end":{"line":543,"column":22}},"248":{"start":{"line":550,"column":2},"end":{"line":562,"column":3}},"249":{"start":{"line":551,"column":4},"end":{"line":551,"column":25}},"250":{"start":{"line":552,"column":4},"end":{"line":552,"column":25}},"251":{"start":{"line":554,"column":4},"end":{"line":554,"column":47}},"252":{"start":{"line":554,"column":14},"end":{"line":554,"column":47}},"253":{"start":{"line":555,"column":4},"end":{"line":555,"column":15}},"254":{"start":{"line":557,"column":4},"end":{"line":561,"column":7}},"255":{"start":{"line":564,"column":2},"end":{"line":564,"column":33}},"256":{"start":{"line":571,"column":0},"end":{"line":573,"column":1}},"257":{"start":{"line":572,"column":2},"end":{"line":572,"column":50}},"258":{"start":{"line":579,"column":0},"end":{"line":602,"column":1}},"259":{"start":{"line":580,"column":2},"end":{"line":580,"column":51}},"260":{"start":{"line":581,"column":2},"end":{"line":581,"column":42}},"261":{"start":{"line":583,"column":2},"end":{"line":590,"column":3}},"262":{"start":{"line":584,"column":4},"end":{"line":584,"column":23}},"263":{"start":{"line":585,"column":4},"end":{"line":589,"column":5}},"264":{"start":{"line":586,"column":6},"end":{"line":586,"column":64}},"265":{"start":{"line":586,"column":34},"end":{"line":586,"column":60}},"266":{"start":{"line":587,"column":11},"end":{"line":589,"column":5}},"267":{"start":{"line":588,"column":6},"end":{"line":588,"column":36}},"268":{"start":{"line":592,"column":2},"end":{"line":599,"column":3}},"269":{"start":{"line":593,"column":4},"end":{"line":598,"column":7}},"270":{"start":{"line":601,"column":2},"end":{"line":601,"column":13}}},"branchMap":{"1":{"line":6,"type":"binary-expr","locations":[{"start":{"line":6,"column":12},"end":{"line":6,"column":19}},{"start":{"line":6,"column":23},"end":{"line":6,"column":25}}]},"2":{"line":21,"type":"if","locations":[{"start":{"line":21,"column":4},"end":{"line":21,"column":4}},{"start":{"line":21,"column":4},"end":{"line":21,"column":4}}]},"3":{"line":23,"type":"cond-expr","locations":[{"start":{"line":23,"column":18},"end":{"line":23,"column":32}},{"start":{"line":23,"column":35},"end":{"line":23,"column":54}}]},"4":{"line":69,"type":"if","locations":[{"start":{"line":69,"column":4},"end":{"line":69,"column":4}},{"start":{"line":69,"column":4},"end":{"line":69,"column":4}}]},"5":{"line":117,"type":"binary-expr","locations":[{"start":{"line":117,"column":11},"end":{"line":117,"column":21}},{"start":{"line":117,"column":25},"end":{"line":117,"column":45}},{"start":{"line":117,"column":50},"end":{"line":117,"column":75}}]},"6":{"line":117,"type":"binary-expr","locations":[{"start":{"line":117,"column":57},"end":{"line":117,"column":65}},{"start":{"line":117,"column":69},"end":{"line":117,"column":75}}]},"7":{"line":118,"type":"if","locations":[{"start":{"line":118,"column":6},"end":{"line":118,"column":6}},{"start":{"line":118,"column":6},"end":{"line":118,"column":6}}]},"8":{"line":132,"type":"if","locations":[{"start":{"line":132,"column":4},"end":{"line":132,"column":4}},{"start":{"line":132,"column":4},"end":{"line":132,"column":4}}]},"9":{"line":153,"type":"binary-expr","locations":[{"start":{"line":153,"column":12},"end":{"line":153,"column":17}},{"start":{"line":153,"column":21},"end":{"line":153,"column":23}}]},"10":{"line":155,"type":"if","locations":[{"start":{"line":155,"column":6},"end":{"line":155,"column":6}},{"start":{"line":155,"column":6},"end":{"line":155,"column":6}}]},"11":{"line":168,"type":"if","locations":[{"start":{"line":168,"column":4},"end":{"line":168,"column":4}},{"start":{"line":168,"column":4},"end":{"line":168,"column":4}}]},"12":{"line":168,"type":"binary-expr","locations":[{"start":{"line":168,"column":8},"end":{"line":168,"column":28}},{"start":{"line":168,"column":32},"end":{"line":168,"column":52}}]},"13":{"line":171,"type":"binary-expr","locations":[{"start":{"line":171,"column":11},"end":{"line":171,"column":30}},{"start":{"line":171,"column":35},"end":{"line":171,"column":55}},{"start":{"line":171,"column":59},"end":{"line":171,"column":83}}]},"14":{"line":174,"type":"if","locations":[{"start":{"line":174,"column":4},"end":{"line":174,"column":4}},{"start":{"line":174,"column":4},"end":{"line":174,"column":4}}]},"15":{"line":196,"type":"if","locations":[{"start":{"line":196,"column":4},"end":{"line":196,"column":4}},{"start":{"line":196,"column":4},"end":{"line":196,"column":4}}]},"16":{"line":219,"type":"if","locations":[{"start":{"line":219,"column":4},"end":{"line":219,"column":4}},{"start":{"line":219,"column":4},"end":{"line":219,"column":4}}]},"17":{"line":223,"type":"if","locations":[{"start":{"line":223,"column":4},"end":{"line":223,"column":4}},{"start":{"line":223,"column":4},"end":{"line":223,"column":4}}]},"18":{"line":231,"type":"cond-expr","locations":[{"start":{"line":231,"column":19},"end":{"line":231,"column":54}},{"start":{"line":231,"column":57},"end":{"line":231,"column":59}}]},"19":{"line":247,"type":"if","locations":[{"start":{"line":247,"column":4},"end":{"line":247,"column":4}},{"start":{"line":247,"column":4},"end":{"line":247,"column":4}}]},"20":{"line":253,"type":"if","locations":[{"start":{"line":253,"column":6},"end":{"line":253,"column":6}},{"start":{"line":253,"column":6},"end":{"line":253,"column":6}}]},"21":{"line":259,"type":"if","locations":[{"start":{"line":259,"column":4},
[...]
e":51,"column":0},"end":{"line":53,"column":2}},"14":{"start":{"line":52,"column":2},"end":{"line":52,"column":78}},"15":{"start":{"line":59,"column":0},"end":{"line":61,"column":2}},"16":{"start":{"line":60,"column":2},"end":{"line":60,"column":66}},"17":{"start":{"line":67,"column":0},"end":{"line":76,"column":2}},"18":{"start":{"line":68,"column":2},"end":{"line":75,"column":17}},"19":{"start":{"line":82,"column":0},"end":{"line":94,"column":2}},"20":{"start":{"line":83,"column":2},"end":{"line":83,"column":68}},"21":{"start":{"line":85,"column":2},"end":{"line":93,"column":17}},"22":{"start":{"line":100,"column":0},"end":{"line":102,"column":2}},"23":{"start":{"line":101,"column":2},"end":{"line":101,"column":68}},"24":{"start":{"line":108,"column":0},"end":{"line":110,"column":2}},"25":{"start":{"line":109,"column":2},"end":{"line":109,"column":72}},"26":{"start":{"line":116,"column":0},"end":{"line":125,"column":2}},"27":{"start":{"line":117,"column":2},"end":{"line":124,"column":17}},"28":{"start":{"line":131,"column":0},"end":{"line":140,"column":2}},"29":{"start":{"line":132,"column":2},"end":{"line":139,"column":15}},"30":{"start":{"line":146,"column":0},"end":{"line":159,"column":2}},"31":{"start":{"line":147,"column":2},"end":{"line":147,"column":32}},"32":{"start":{"line":149,"column":2},"end":{"line":158,"column":31}},"33":{"start":{"line":165,"column":0},"end":{"line":176,"column":2}},"34":{"start":{"line":166,"column":2},"end":{"line":168,"column":9}},"35":{"start":{"line":170,"column":2},"end":{"line":175,"column":23}},"36":{"start":{"line":182,"column":0},"end":{"line":189,"column":2}},"37":{"start":{"line":183,"column":2},"end":{"line":188,"column":23}},"38":{"start":{"line":195,"column":0},"end":{"line":204,"column":2}},"39":{"start":{"line":196,"column":2},"end":{"line":203,"column":17}},"40":{"start":{"line":210,"column":0},"end":{"line":212,"column":2}},"41":{"start":{"line":211,"column":2},"end":{"line":211,"column":89}},"42":{"start":{"line":218,"column":0},"end":{"line":229,"column":2}},"43":{"start":{"line":219,"column":2},"end":{"line":219,"column":29}},"44":{"start":{"line":220,"column":2},"end":{"line":220,"column":32}},"45":{"start":{"line":221,"column":2},"end":{"line":221,"column":31}},"46":{"start":{"line":221,"column":21},"end":{"line":221,"column":31}},"47":{"start":{"line":223,"column":2},"end":{"line":228,"column":44}},"48":{"start":{"line":223,"column":51},"end":{"line":223,"column":69}},"49":{"start":{"line":235,"column":0},"end":{"line":239,"column":2}},"50":{"start":{"line":236,"column":2},"end":{"line":238,"column":21}},"51":{"start":{"line":245,"column":0},"end":{"line":254,"column":2}},"52":{"start":{"line":246,"column":2},"end":{"line":246,"column":31}},"53":{"start":{"line":248,"column":2},"end":{"line":251,"column":3}},"54":{"start":{"line":249,"column":4},"end":{"line":249,"column":24}},"55":{"start":{"line":250,"column":4},"end":{"line":250,"column":14}},"56":{"start":{"line":253,"column":2},"end":{"line":253,"column":58}}},"branchMap":{"1":{"line":20,"type":"binary-expr","locations":[{"start":{"line":20,"column":12},"end":{"line":20,"column":19}},{"start":{"line":20,"column":23},"end":{"line":20,"column":25}}]},"2":{"line":83,"type":"binary-expr","locations":[{"start":{"line":83,"column":19},"end":{"line":83,"column":30}},{"start":{"line":83,"column":34},"end":{"line":83,"column":36}}]},"3":{"line":132,"type":"binary-expr","locations":[{"start":{"line":132,"column":26},"end":{"line":132,"column":37}},{"start":{"line":132,"column":41},"end":{"line":132,"column":43}}]},"4":{"line":166,"type":"cond-expr","locations":[{"start":{"line":167,"column":6},"end":{"line":167,"column":37}},{"start":{"line":168,"column":6},"end":{"line":168,"column":8}}]},"5":{"line":221,"type":"if","locations":[{"start":{"line":221,"column":2},"end":{"line":221,"column":2}},{"start":{"line":221,"column":2},"end":{"line":221,"column":2}}]},"6":{"line":246,"type":"binary-expr","locations":[{"start":{"line":246,"column":15},"end":{"line":246,"column":25}},{"start":{"line":246,"column":29},"end":{"line":246,"column":30}}]},"7":{"line":248,"type":"if","locations":[{"start":{"line":248,"column":2},"end":{"line":248,"column":2}},{"start":{"line":248,"column":2},"end":{"line":248,"column":2}}]},"8":{"line":253,"type":"binary-expr","locations":[{"start":{"line":253,"column":32},"end":{"line":253,"column":48}},{"start":{"line":253,"column":52},"end":{"line":253,"column":56}}]}},"code":["","/**"," * Module dependencies."," */","","var Base = require('./compiler');","var inherits = require('inherits');","","/**"," * Expose compiler."," */","","module.exports = Compiler;","","/**"," * Initialize a new `Compiler`."," */","","function Compiler(options) {","  options = options || {};","  Base.call(this, options);","  this.indentation = options.indent;","}","","/**"," * Inherit from `Base.prototype`."," */","","inherits(Compiler, Base);","","/**"," * Compile `node`."," */","","Compiler.prototype.compile = function(node){","  return this.stylesheet(node);","};","","/**"," * Visit stylesheet node."," */","","Compiler.prototype.stylesheet = function(node){","  return this.mapVisit(node.stylesheet.rules, '\\n\\n');","};","","/**"," * Visit comment node."," */","","Compiler.prototype.comment = function(node){","  return this.emit(this.indent() + '/*' + node.comment + '*/', node.position);","};","","/**"," * Visit import node."," */","","Compiler.prototype.import = function(node){","  return this.emit('@import ' + node.import + ';', node.position);","};","","/**"," * Visit media node."," */","","Compiler.prototype.media = function(node){","  return this.emit('@media ' + node.media, node.position)","    + this.emit(","        ' {\\n'","        + this.indent(1))","    + this.mapVisit(node.rules, '\\n\\n')","    + this.emit(","        this.indent(-1)","        + '\\n}');","};","","/**"," * Visit document node."," */","","Compiler.prototype.document = function(node){","  var doc = '@' + (node.vendor || '') + 'document ' + node.document;","","  return this.emit(doc, node.position)","    + this.emit(","        ' '","      + ' {\\n'","      + this.indent(1))","    + this.mapVisit(node.rules, '\\n\\n')","    + this.emit(","        this.indent(-1)","        + '\\n}');","};","","/**"," * Visit charset node."," */","","Compiler.prototype.charset = function(node){","  return this.emit('@charset ' + node.charset + ';', node.position);","};","","/**"," * Visit namespace node."," */","","Compiler.prototype.namespace = function(node){","  return this.emit('@namespace ' + node.namespace + ';', node.position);","};","","/**"," * Visit supports node."," */","","Compiler.prototype.supports = function(node){","  return this.emit('@supports ' + node.supports, node.position)","    + this.emit(","      ' {\\n'","      + this.indent(1))","    + this.mapVisit(node.rules, '\\n\\n')","    + this.emit(","        this.indent(-1)","        + '\\n}');","};","","/**"," * Visit keyframes node."," */","","Compiler.prototype.keyframes = function(node){","  return this.emit('@' + (node.vendor || '') + 'keyframes ' + node.name, node.position)","    + this.emit(","      ' {\\n'","      + this.indent(1))","    + this.mapVisit(node.keyframes, '\\n')","    + this.emit(","        this.indent(-1)","        + '}');","};","","/**"," * Visit keyframe node."," */","","Compiler.prototype.keyframe = function(node){","  var decls = node.declarations;","","  return this.emit(this.indent())","    + this.emit(node.values.join(', '), node.position)","    + this.emit(","      ' {\\n'","      + this.indent(1))","    + this.mapVisit(decls, '\\n')","    + this.emit(","      this.indent(-1)","      + '\\n'","      + this.indent() + '}\\n');","};","","/**"," * Visit page node."," */","","Compiler.prototype.page = function(node){","  var sel = node.selectors.length","    ? node.selectors.join(', ') + ' '","    : '';","","  return this.emit('@page ' + sel, node.position)","    + this.emit('{\\n')","    + this.emit(this.indent(1))","    + this.mapVisit(node.declarations, '\\n')","    + this.emit(this.indent(-1))","    + this.emit('\\n}');","};","","/**"," * Visit font-face node."," */","","Compiler.prototype['font-face'] = function(node){","  return this.emit('@font-face ', node.position)","    + this.emit('{\\n')","    + this.emit(this.indent(1))","    + this.mapVisit(node.declarations, '\\n')","    + this.emit(this.indent(-1))","    + this.emit('\\n}');","};","","/**"," * Visit host node."," */","","Compiler.prototype.host = function(node){","  return this.emit('@host', node.position)","    + this.emit(","        ' {\\n'","        + this.indent(1))","    + this.mapVisit(node.rules, '\\n\\n')","    + this.emit(","        this.indent(-1)","        + '\\n}');","};","","/**"," * Visit custom-media node."," */","","Compiler.prototype['custom-media'] = function(node){","  return this.emit('@custom-media ' + node.name + ' ' + node.media + ';', node.position);","};","","/**"," * Visit rule node."," */","","Compiler.prototype.rule = function(node){","  var indent = this.indent();","  var decls = node.declarations;","  if (!decls.length) return '';","","  return this.emit(node.selectors.map(function(s){ return indent + s }).join(',\\n'), node.position)","    + this.emit(' {\\n')","    + this.emit(this.indent(1))","    + this.mapVisit(decls, '\\n')","    + this.emit(this.indent(-1))","    + this.emit('\\n' + this.indent() + '}');","};","","/**"," * Visit declaration node."," */","","Compiler.prototype.declaration = function(node){","  return this.emit(this.indent())","    + this.emit(node.property + ': ' + node.value, node.position)","    + this.emit(';');","};","","/**"," * Increase, decrease or return current indentation."," */","","Compiler.prototype.indent = function(level) {","  this.level = this.level || 1;","","  if (null != level) {","    this.level += level;","    return '';","  }","","  return Array(this.level).join(this.indentation || '  ');","};",""],"l":{"6":1,"7":1,"13":1,"19":1,"20":0,"21":0,"22":0,"29":1,"35":1,"36":0,"43":1,"44":0,"51":1,"52":0,"59":1,"60":0,"67":1,"68":0,"82":1,"83":0,"85":0,"100":1,"101":0,"108":1,"109":0,"116":1,"117":0,"131":1,"132":0,"146":1,"147":0,"149":0,"165":1,"166":0,"170":0,"182":1,"183":0,"195":1,"196":0,"210":1,"211":0,"218":1,"219":0,"220":0,"221":0,"223":0,"235":1,"236":0,"245":1,"246":0,"248":0,"249":0,"250":0,"253":0}},"/home/travis/build/npmtest/node-npmtest-css/node_modules/css/lib/stringify/source-map-support.js":{"path":"/home/travis/build/npmtest/node-npmtest-css/node_modules/css/lib/stringify/source-map-support.js","s":{"1":1,"2":1,"3":1,"4":1,"5":1,"6":1,"7":1,"8":1,"9":0,"10":0,"11":0,"12":0,"13":0,"14":0,"15":1,"16":0,"17":0,"18":0,"19":0,"20":0,"21":1,"22":0,"23":0,"24":0,"25":0,"26":0,"27":0,"28":1,"29":0,"30":0,"31":0,"32":0,"33":0,"34":1,"35":0,"36":0,"37":0,"38":0,"39":0,"40":0,"41":0,"42":0,"43":0,"44":1,"45":0,"46":0,"47":0},"b":{"1":[0,0],"2":[0,0],"3":[0,0],"4":[0,0],"5":[0,0],"6":[0,0],"7":[0,0],"8":[0,0],"9":[0,0]},"f":{"1":0,"2":0,"3":0,"4":0,"5":0,"6":0,"7":0},"fnMap":{"1":{"name":"mixin","line":26,"loc":{"start":{"line":26,"column":0},"end":{"line":26,"column":25}}},"2":{"name":"(anonymous_2)","line":41,"loc":{"start":{"line":41,"column":25},"end":{"line":41,"column":39}}},"3":{"name":"(anonymous_3)","line":57,"loc":{"start":{"line":57,"column":15},"end":{"line":57,"column":34}}},"4":{"name":"(anonymous_4)","line":87,"loc":{"start":{"line":87,"column":18},"end":{"line":87,"column":38}}},"5":{"name":"(anonymous_5)","line":99,"loc":{"start":{"line":99,"column":26},"end":{"line":99,"column":37}}},"6":{"name":"(anonymous_6)","line":100,"loc":{"start":{"line":100,"column":34},"end":{"line":100,"column":49}}},"7":{"name":"(anonymous_7)","line":121,"loc":{"start":{"line":121,"column":18},"end":{"line":121,"column":33}}}},"statementMap":{"1":{"start":{"line":6,"column":0},"end":{"line":6,"column":57}},"2":{"start":{"line":7,"column":0},"end":{"line":7,"column":64}},"3":{"start":{"line":8,"column":0},"end":{"line":8,"column":53}},"4":{"start":{"line":9,"column":0},"end":{"line":9,"column":27}},"5":{"start":{"line":10,"column":0},"end":{"line":10,"column":23}},"6":{"start":{"line":11,"column":0},"end":{"line":11,"column":27}},"7":{"start":{"line":17,"column":0},"end":{"line":17,"column":23}},"8":{"start":{"line":26,"column":0},"end":{"line":32,"column":1}},"9":{"start":{"line":27,"column":2},"end":{"line":27,"column":39}},"10":{"start":{"line":28,"column":2},"end":{"line":28,"column":33}},"11":{"start":{"line":29,"column":2},"end":{"line":29,"column":45}},"12":{"start":{"line":30,"column":2},"end":{"line":30,"column":22}},"13":{"start":{"line":31,"column":2},"end":{"line":31,"column":50}},"14":{"start":{"line":31,"column":25},"end":{"line":31,"column":50}},"15":{"start":{"line":41,"column":0},"end":{"line":46,"column":2}},"16":{"start":{"line":42,"column":2},"end":{"line":42,"column":31}},"17":{"start":{"line":43,"column":2},"end":{"line":43,"column":48}},"18":{"start":{"line":43,"column":13},"end":{"line":43,"column":48}},"19":{"start":{"line":44,"column":2},"end":{"line":44,"column":32}},"20":{"start":{"line":45,"column":2},"end":{"line":45,"column":81}},"21":{"start":{"line":57,"column":0},"end":{"line":79,"column":2}},"22":{"start":{"line":58,"column":2},"end":{"line":74,"column":3}},"23":{"start":{"line":59,"column":4},"end":{"line":59,"column":54}},"24":{"start":{"line":61,"column":4},"end":{"line":71,"column":7}},"25":{"start":{"line":73,"column":4},"end":{"line":73,"column":34}},"26":{"start":{"line":76,"column":2},"end":{"line":76,"column":27}},"27":{"start":{"line":78,"column":2},"end":{"line":78,"column":13}},"28":{"start":{"line":87,"column":0},"end":{"line":92,"column":2}},"29":{"start":{"line":88,"column":2},"end":{"line":88,"column":46}},"30":{"start":{"line":88,"column":39},"end":{"line":88,"column":46}},"31":{"start":{"line":89,"column":2},"end":{"line":89,"column":69}},"32":{"start":{"line":89,"column":62},"end":{"line":89,"column":69}},"33":{"start":{"line":91,"column":2},"end":{"line":91,"column":33}},"34":{"start":{"line":99,"column":0},"end":{"line":114,"column":2}},"35":{"start":{"line":100,"column":2},"end":{"line":113,"column":11}},"36":{"start":{"line":101,"column":4},"end":{"line":101,"column":35}},"37":{"start":{"line":102,"column":4},"end":{"line":102,"column":45}},"38":{"start":{"line":104,"column":4},"end":{"line":112,"column":5}},"39":{"start":{"line":105,"column":6},"end":{"line":106,"column":40}},"40":{"start":{"line":107,"column":6},"end":{"line":111,"column":7}},"41":{"start":{"line":108,"column":8},"end":{"line":108,"column":57}},"42":{"start":{"line":109,"column":8},"end":{"line":109,"column":55}},"43":{"start":{"line":110,"column":8},"end":{"line":110,"column":75}},"44":{"start":{"line":121,"column":0},"end":{"line":126,"column":2}},"45":{"start":{"line":122,"column":2},"end":{"line":125,"column":31}},"46":{"start":{"line":123,"column":4},"end":{"line":123,"column":40}},"47":{"start":{"line":125,"column":4},"end":{"line":125,"column":31}}},"branchMap":{"1":{"line":43,"type":"if","locations":[{"start":{"line":43,"column":2},"end":{"line":43,"column":2}},{"start":{"line":43,"column":2},"end":{"line":43,"column":2}}]},"2":{"line":45,"type":"cond-expr","locations":[{"start":{"line":45,"column":30},"end":{"line":45,"column":44}},{"start":{"line":45,"column":47},"end":{"line":45,"column":80}}]},"3":{"line":58,"type":"if","locations":[{"start":{"line":58,"column":2},"end":{"line":58,"column":2}},{"start":{"line":58,"column":2},"end":{"line":58,"column":2}}]},"4":{"line":59,"type":"binary-expr","locations":[{"start":{"line":59,"column":26},"end":{"line":59,"column":36}},{"start":{"line":59,"column":40},"end":{"line":59,"column":52}}]},"5":{"line":88,"type":"if","locations":[{"start":{"line":88,"column":2},"end":{"line":88,"column":2}},{"start":{"line":88,"column":2},"end":{"line":88,"column":2}}]},"6":{"line":89,"type":"if","locations":[{"start":{"line":89,"column":2},"end":{"line":89,"column":2}},{"start":{"line":89,"column":2},"end":{"line":89,"column":2}}]},"7":{"line":104,"type":"if","locations":[{"start":{"line":104,"column":4},"end":{"line":104,"column":4}},{"start":{"line":104,"column":4},"end":{"line":104,"column":4}}]},"8":{"line":107,"type":"if","locations":[{"start":{"line":107,"column":6},"end":{"line":107,"column":6}},{"start":{"line":107,"column":6},"end":{"line":107,"column":6}}]},"9":{"line":122,"type":"if","locations":[{"start":{"line":122,"column":2},"end":{"line":122,"column":2}},{"start":{"line":122,"column":2},"end":{"line":122,"column":2}}]}},"code":["","/**"," * Module dependencies."," */","","var SourceMap = require('source-map').SourceMapGenerator;","var SourceMapConsumer = require('source-map').SourceMapConsumer;","var sourceMapResolve = require('source-map-resolve');","var urix = require('urix');","var fs = require('fs');","var path = require('path');","","/**"," * Expose `mixin()`."," */","","module.exports = mixin;","","/**"," * Mixin source map support into `compiler`."," *"," * @param {Compiler} compiler"," * @api public"," */","","function mixin(compiler) {","  compiler._comment = compiler.comment;","  compiler.map = new SourceMap();","  compiler.position = { line: 1, column: 1 };","  compiler.files = {};","  for (var k in exports) compiler[k] = exports[k];","}","","/**"," * Update position."," *"," * @param {String} str"," * @api private"," */","","exports.updatePosition = function(str) {","  var lines = str.match(/\\n/g);","  if (lines) this.position.line += lines.length;","  var i = str.lastIndexOf('\\n');","  this.position.column = ~i ? str.length - i : this.position.column + str.length;","};","","/**"," * Emit `str`."," *"," * @param {String} str"," * @param {Object} [pos]"," * @return {String}"," * @api private"," */","","exports.emit = function(str, pos) {","  if (pos) {","    var sourceFile = urix(pos.source || 'source.css');","","    this.map.addMapping({","      source: sourceFile,","      generated: {","        line: this.position.line,","        column: Math.max(this.position.column - 1, 0)","      },","      original: {","        line: pos.start.line,","        column: pos.start.column - 1","      }","    });","","    this.addFile(sourceFile, pos);","  }","","  this.updatePosition(str);","","  return str;","};","","/**"," * Adds a file to the source map output if it has not already been added"," * @param {String} file"," * @param {Object} pos"," */","","exports.addFile = function(file, pos) {","  if (typeof pos.content !== 'string') return;","  if (Object.prototype.hasOwnProperty.call(this.files, file)) return;","","  this.files[file] = pos.content;","};","","/**"," * Applies any original source maps to the output and embeds the source file"," * contents in the source map."," */","","exports.applySourceMaps = function() {","  Object.keys(this.files).forEach(function(file) {","    var content = this.files[file];","    this.map.setSourceContent(file, content);","","    if (this.options.inputSourcemaps !== false) {","      var originalMap = sourceMapResolve.resolveSync(","        content, file, fs.readFileSync);","      if (originalMap) {","        var map = new SourceMapConsumer(originalMap.map);","        var relativeTo = originalMap.sourcesRelativeTo;","        this.map.applySourceMap(map, file, urix(path.dirname(relativeTo)));","      }","    }","  }, this);","};","","/**"," * Process comments, drops sourceMap comments."," * @param {Object} node"," */","","exports.comment = function(node) {","  if (/^# sourceMappingURL=/.test(node.comment))","    return this.emit('', node.position);","  else","    return this._comment(node);","};",""],"l":{"6":1,"7":1,"8":1,"9":1,"10":1,"11":1,"17":1,"26":1,"27":0,"28":0,"29":0,"30":0,"31":0,"41":1,"42":0,"43":0,"44":0,"45":0,"57":1,"58":0,"59":0,"61":0,"73":0,"76":0,"78":0,"87":1,"88":0,"89":0,"91":0,"99":1,"100":0,"101":0,"102":0,"104":0,"105":0,"107":0,"108":0,"109":0,"110":0,"121":1,"122":0,"123":0,"125":0}}}